[2025-09-22T01:59:21.447+0000] {taskinstance.py:1171} INFO - Dependencies all met for <TaskInstance: sql_to_elastic.saveToElastic manual__2025-09-22T01:32:03.228389+00:00 [queued]>
[2025-09-22T01:59:21.756+0000] {taskinstance.py:1171} INFO - Dependencies all met for <TaskInstance: sql_to_elastic.saveToElastic manual__2025-09-22T01:32:03.228389+00:00 [queued]>
[2025-09-22T01:59:21.759+0000] {taskinstance.py:1368} INFO - 
--------------------------------------------------------------------------------
[2025-09-22T01:59:21.763+0000] {taskinstance.py:1369} INFO - Starting attempt 1 of 1
[2025-09-22T01:59:21.766+0000] {taskinstance.py:1370} INFO - 
--------------------------------------------------------------------------------
[2025-09-22T01:59:23.305+0000] {taskinstance.py:1389} INFO - Executing <Task(PythonOperator): saveToElastic> on 2025-09-22 01:32:03.228389+00:00
[2025-09-22T01:59:23.615+0000] {standard_task_runner.py:52} INFO - Started process 202 to run task
[2025-09-22T01:59:23.766+0000] {standard_task_runner.py:79} INFO - Running: ['***', 'tasks', 'run', 'sql_to_elastic', 'saveToElastic', 'manual__2025-09-22T01:32:03.228389+00:00', '--job-id', '55', '--raw', '--subdir', 'DAGS_FOLDER/etl_pg_to_es.py', '--cfg-path', '/tmp/tmpy5xxa47l', '--error-file', '/tmp/tmp1e62b0ai']
[2025-09-22T01:59:23.787+0000] {standard_task_runner.py:80} INFO - Job 55: Subtask saveToElastic
[2025-09-22T01:59:27.387+0000] {task_command.py:371} INFO - Running <TaskInstance: sql_to_elastic.saveToElastic manual__2025-09-22T01:32:03.228389+00:00 [running]> on host 35923338c7a6
[2025-09-22T01:59:27.985+0000] {taskinstance.py:1583} INFO - Exporting the following env vars:
AIRFLOW_CTX_DAG_OWNER=***
AIRFLOW_CTX_DAG_ID=sql_to_elastic
AIRFLOW_CTX_TASK_ID=saveToElastic
AIRFLOW_CTX_EXECUTION_DATE=2025-09-22T01:32:03.228389+00:00
AIRFLOW_CTX_TRY_NUMBER=1
AIRFLOW_CTX_DAG_RUN_ID=manual__2025-09-22T01:32:03.228389+00:00
[2025-09-22T01:59:28.247+0000] {base.py:271} INFO - POST http://elasticsearch:9200/auto_sales_dataset/_doc [status:201 request:0.062s]
[2025-09-22T01:59:28.253+0000] {base.py:271} INFO - POST http://elasticsearch:9200/auto_sales_dataset/_doc [status:201 request:0.005s]
[2025-09-22T01:59:28.259+0000] {base.py:271} INFO - POST http://elasticsearch:9200/auto_sales_dataset/_doc [status:201 request:0.005s]
[2025-09-22T01:59:28.277+0000] {base.py:271} INFO - POST http://elasticsearch:9200/auto_sales_dataset/_doc [status:201 request:0.017s]
[2025-09-22T01:59:28.294+0000] {base.py:271} INFO - POST http://elasticsearch:9200/auto_sales_dataset/_doc [status:201 request:0.013s]
[2025-09-22T01:59:28.304+0000] {base.py:271} INFO - POST http://elasticsearch:9200/auto_sales_dataset/_doc [status:201 request:0.008s]
[2025-09-22T01:59:28.311+0000] {base.py:271} INFO - POST http://elasticsearch:9200/auto_sales_dataset/_doc [status:201 request:0.006s]
[2025-09-22T01:59:28.319+0000] {base.py:271} INFO - POST http://elasticsearch:9200/auto_sales_dataset/_doc [status:201 request:0.005s]
[2025-09-22T01:59:28.325+0000] {base.py:271} INFO - POST http://elasticsearch:9200/auto_sales_dataset/_doc [status:201 request:0.005s]
[2025-09-22T01:59:28.332+0000] {base.py:271} INFO - POST http://elasticsearch:9200/auto_sales_dataset/_doc [status:201 request:0.007s]
[2025-09-22T01:59:28.337+0000] {base.py:271} INFO - POST http://elasticsearch:9200/auto_sales_dataset/_doc [status:201 request:0.004s]
[2025-09-22T01:59:28.342+0000] {base.py:271} INFO - POST http://elasticsearch:9200/auto_sales_dataset/_doc [status:201 request:0.004s]
[2025-09-22T01:59:28.350+0000] {base.py:271} INFO - POST http://elasticsearch:9200/auto_sales_dataset/_doc [status:201 request:0.007s]
[2025-09-22T01:59:28.356+0000] {base.py:271} INFO - POST http://elasticsearch:9200/auto_sales_dataset/_doc [status:201 request:0.005s]
[2025-09-22T01:59:28.364+0000] {base.py:271} INFO - POST http://elasticsearch:9200/auto_sales_dataset/_doc [status:201 request:0.008s]
[2025-09-22T01:59:28.376+0000] {base.py:271} INFO - POST http://elasticsearch:9200/auto_sales_dataset/_doc [status:201 request:0.010s]
[2025-09-22T01:59:28.386+0000] {base.py:271} INFO - POST http://elasticsearch:9200/auto_sales_dataset/_doc [status:201 request:0.009s]
[2025-09-22T01:59:28.393+0000] {base.py:271} INFO - POST http://elasticsearch:9200/auto_sales_dataset/_doc [status:201 request:0.006s]
[2025-09-22T01:59:28.403+0000] {base.py:271} INFO - POST http://elasticsearch:9200/auto_sales_dataset/_doc [status:201 request:0.009s]
[2025-09-22T01:59:28.414+0000] {base.py:271} INFO - POST http://elasticsearch:9200/auto_sales_dataset/_doc [status:201 request:0.011s]
[2025-09-22T01:59:28.422+0000] {base.py:271} INFO - POST http://elasticsearch:9200/auto_sales_dataset/_doc [status:201 request:0.006s]
[2025-09-22T01:59:28.444+0000] {base.py:271} INFO - POST http://elasticsearch:9200/auto_sales_dataset/_doc [status:201 request:0.018s]
[2025-09-22T01:59:28.507+0000] {base.py:271} INFO - POST http://elasticsearch:9200/auto_sales_dataset/_doc [status:201 request:0.052s]
[2025-09-22T01:59:28.526+0000] {base.py:271} INFO - POST http://elasticsearch:9200/auto_sales_dataset/_doc [status:201 request:0.017s]
[2025-09-22T01:59:28.574+0000] {base.py:271} INFO - POST http://elasticsearch:9200/auto_sales_dataset/_doc [status:201 request:0.017s]
[2025-09-22T01:59:28.593+0000] {base.py:271} INFO - POST http://elasticsearch:9200/auto_sales_dataset/_doc [status:201 request:0.017s]
[2025-09-22T01:59:28.673+0000] {base.py:271} INFO - POST http://elasticsearch:9200/auto_sales_dataset/_doc [status:201 request:0.059s]
[2025-09-22T01:59:28.717+0000] {base.py:271} INFO - POST http://elasticsearch:9200/auto_sales_dataset/_doc [status:201 request:0.020s]
[2025-09-22T01:59:28.772+0000] {base.py:271} INFO - POST http://elasticsearch:9200/auto_sales_dataset/_doc [status:201 request:0.053s]
[2025-09-22T01:59:28.797+0000] {base.py:271} INFO - POST http://elasticsearch:9200/auto_sales_dataset/_doc [status:201 request:0.015s]
[2025-09-22T01:59:28.836+0000] {base.py:271} INFO - POST http://elasticsearch:9200/auto_sales_dataset/_doc [status:201 request:0.036s]
[2025-09-22T01:59:28.858+0000] {base.py:271} INFO - POST http://elasticsearch:9200/auto_sales_dataset/_doc [status:201 request:0.016s]
[2025-09-22T01:59:28.877+0000] {base.py:271} INFO - POST http://elasticsearch:9200/auto_sales_dataset/_doc [status:201 request:0.017s]
[2025-09-22T01:59:28.905+0000] {base.py:271} INFO - POST http://elasticsearch:9200/auto_sales_dataset/_doc [status:201 request:0.023s]
[2025-09-22T01:59:28.926+0000] {base.py:271} INFO - POST http://elasticsearch:9200/auto_sales_dataset/_doc [status:201 request:0.018s]
[2025-09-22T01:59:28.943+0000] {base.py:271} INFO - POST http://elasticsearch:9200/auto_sales_dataset/_doc [status:201 request:0.011s]
[2025-09-22T01:59:28.963+0000] {base.py:271} INFO - POST http://elasticsearch:9200/auto_sales_dataset/_doc [status:201 request:0.014s]
[2025-09-22T01:59:28.985+0000] {base.py:271} INFO - POST http://elasticsearch:9200/auto_sales_dataset/_doc [status:201 request:0.020s]
[2025-09-22T01:59:29.024+0000] {base.py:271} INFO - POST http://elasticsearch:9200/auto_sales_dataset/_doc [status:201 request:0.037s]
[2025-09-22T01:59:29.156+0000] {base.py:271} INFO - POST http://elasticsearch:9200/auto_sales_dataset/_doc [status:201 request:0.108s]
[2025-09-22T01:59:29.240+0000] {base.py:271} INFO - POST http://elasticsearch:9200/auto_sales_dataset/_doc [status:201 request:0.070s]
[2025-09-22T01:59:29.333+0000] {base.py:271} INFO - POST http://elasticsearch:9200/auto_sales_dataset/_doc [status:201 request:0.091s]
[2025-09-22T01:59:29.418+0000] {base.py:271} INFO - POST http://elasticsearch:9200/auto_sales_dataset/_doc [status:201 request:0.068s]
[2025-09-22T01:59:29.535+0000] {base.py:271} INFO - POST http://elasticsearch:9200/auto_sales_dataset/_doc [status:201 request:0.086s]
[2025-09-22T01:59:29.585+0000] {base.py:271} INFO - POST http://elasticsearch:9200/auto_sales_dataset/_doc [status:201 request:0.023s]
[2025-09-22T01:59:29.605+0000] {base.py:271} INFO - POST http://elasticsearch:9200/auto_sales_dataset/_doc [status:201 request:0.017s]
[2025-09-22T01:59:29.637+0000] {base.py:271} INFO - POST http://elasticsearch:9200/auto_sales_dataset/_doc [status:201 request:0.029s]
[2025-09-22T01:59:29.668+0000] {base.py:271} INFO - POST http://elasticsearch:9200/auto_sales_dataset/_doc [status:201 request:0.028s]
[2025-09-22T01:59:29.677+0000] {base.py:271} INFO - POST http://elasticsearch:9200/auto_sales_dataset/_doc [status:201 request:0.007s]
[2025-09-22T01:59:29.686+0000] {base.py:271} INFO - POST http://elasticsearch:9200/auto_sales_dataset/_doc [status:201 request:0.007s]
[2025-09-22T01:59:29.700+0000] {base.py:271} INFO - POST http://elasticsearch:9200/auto_sales_dataset/_doc [status:201 request:0.012s]
[2025-09-22T01:59:29.708+0000] {base.py:271} INFO - POST http://elasticsearch:9200/auto_sales_dataset/_doc [status:201 request:0.007s]
[2025-09-22T01:59:29.718+0000] {base.py:271} INFO - POST http://elasticsearch:9200/auto_sales_dataset/_doc [status:201 request:0.009s]
[2025-09-22T01:59:29.736+0000] {base.py:271} INFO - POST http://elasticsearch:9200/auto_sales_dataset/_doc [status:201 request:0.016s]
[2025-09-22T01:59:29.761+0000] {base.py:271} INFO - POST http://elasticsearch:9200/auto_sales_dataset/_doc [status:201 request:0.024s]
[2025-09-22T01:59:29.798+0000] {base.py:271} INFO - POST http://elasticsearch:9200/auto_sales_dataset/_doc [status:201 request:0.029s]
[2025-09-22T01:59:29.808+0000] {base.py:271} INFO - POST http://elasticsearch:9200/auto_sales_dataset/_doc [status:201 request:0.009s]
[2025-09-22T01:59:29.827+0000] {base.py:271} INFO - POST http://elasticsearch:9200/auto_sales_dataset/_doc [status:201 request:0.017s]
[2025-09-22T01:59:29.859+0000] {base.py:271} INFO - POST http://elasticsearch:9200/auto_sales_dataset/_doc [status:201 request:0.029s]
[2025-09-22T01:59:29.893+0000] {base.py:271} INFO - POST http://elasticsearch:9200/auto_sales_dataset/_doc [status:201 request:0.023s]
[2025-09-22T01:59:29.938+0000] {base.py:271} INFO - POST http://elasticsearch:9200/auto_sales_dataset/_doc [status:201 request:0.042s]
[2025-09-22T01:59:30.059+0000] {base.py:271} INFO - POST http://elasticsearch:9200/auto_sales_dataset/_doc [status:201 request:0.101s]
[2025-09-22T01:59:30.434+0000] {base.py:271} INFO - POST http://elasticsearch:9200/auto_sales_dataset/_doc [status:201 request:0.339s]
[2025-09-22T01:59:30.496+0000] {base.py:271} INFO - POST http://elasticsearch:9200/auto_sales_dataset/_doc [status:201 request:0.049s]
[2025-09-22T01:59:30.551+0000] {base.py:271} INFO - POST http://elasticsearch:9200/auto_sales_dataset/_doc [status:201 request:0.053s]
[2025-09-22T01:59:30.610+0000] {base.py:271} INFO - POST http://elasticsearch:9200/auto_sales_dataset/_doc [status:201 request:0.050s]
[2025-09-22T01:59:30.715+0000] {base.py:271} INFO - POST http://elasticsearch:9200/auto_sales_dataset/_doc [status:201 request:0.100s]
[2025-09-22T01:59:30.883+0000] {base.py:271} INFO - POST http://elasticsearch:9200/auto_sales_dataset/_doc [status:201 request:0.156s]
[2025-09-22T01:59:30.982+0000] {base.py:271} INFO - POST http://elasticsearch:9200/auto_sales_dataset/_doc [status:201 request:0.096s]
[2025-09-22T01:59:31.015+0000] {base.py:271} INFO - POST http://elasticsearch:9200/auto_sales_dataset/_doc [status:201 request:0.028s]
[2025-09-22T01:59:31.042+0000] {base.py:271} INFO - POST http://elasticsearch:9200/auto_sales_dataset/_doc [status:201 request:0.023s]
[2025-09-22T01:59:31.083+0000] {base.py:271} INFO - POST http://elasticsearch:9200/auto_sales_dataset/_doc [status:201 request:0.035s]
[2025-09-22T01:59:31.118+0000] {base.py:271} INFO - POST http://elasticsearch:9200/auto_sales_dataset/_doc [status:201 request:0.029s]
[2025-09-22T01:59:31.159+0000] {base.py:271} INFO - POST http://elasticsearch:9200/auto_sales_dataset/_doc [status:201 request:0.032s]
[2025-09-22T01:59:31.203+0000] {base.py:271} INFO - POST http://elasticsearch:9200/auto_sales_dataset/_doc [status:201 request:0.028s]
[2025-09-22T01:59:31.238+0000] {base.py:271} INFO - POST http://elasticsearch:9200/auto_sales_dataset/_doc [status:201 request:0.031s]
[2025-09-22T01:59:31.286+0000] {base.py:271} INFO - POST http://elasticsearch:9200/auto_sales_dataset/_doc [status:201 request:0.044s]
[2025-09-22T01:59:31.326+0000] {base.py:271} INFO - POST http://elasticsearch:9200/auto_sales_dataset/_doc [status:201 request:0.035s]
[2025-09-22T01:59:31.343+0000] {base.py:271} INFO - POST http://elasticsearch:9200/auto_sales_dataset/_doc [status:201 request:0.011s]
[2025-09-22T01:59:31.369+0000] {base.py:271} INFO - POST http://elasticsearch:9200/auto_sales_dataset/_doc [status:201 request:0.024s]
[2025-09-22T01:59:31.384+0000] {base.py:271} INFO - POST http://elasticsearch:9200/auto_sales_dataset/_doc [status:201 request:0.013s]
[2025-09-22T01:59:31.403+0000] {base.py:271} INFO - POST http://elasticsearch:9200/auto_sales_dataset/_doc [status:201 request:0.017s]
[2025-09-22T01:59:31.444+0000] {base.py:271} INFO - POST http://elasticsearch:9200/auto_sales_dataset/_doc [status:201 request:0.038s]
[2025-09-22T01:59:31.469+0000] {base.py:271} INFO - POST http://elasticsearch:9200/auto_sales_dataset/_doc [status:201 request:0.022s]
[2025-09-22T01:59:31.489+0000] {base.py:271} INFO - POST http://elasticsearch:9200/auto_sales_dataset/_doc [status:201 request:0.017s]
[2025-09-22T01:59:31.527+0000] {base.py:271} INFO - POST http://elasticsearch:9200/auto_sales_dataset/_doc [status:201 request:0.034s]
[2025-09-22T01:59:31.557+0000] {base.py:271} INFO - POST http://elasticsearch:9200/auto_sales_dataset/_doc [status:201 request:0.024s]
[2025-09-22T01:59:31.604+0000] {base.py:271} INFO - POST http://elasticsearch:9200/auto_sales_dataset/_doc [status:201 request:0.045s]
[2025-09-22T01:59:31.658+0000] {base.py:271} INFO - POST http://elasticsearch:9200/auto_sales_dataset/_doc [status:201 request:0.051s]
[2025-09-22T01:59:31.752+0000] {base.py:271} INFO - POST http://elasticsearch:9200/auto_sales_dataset/_doc [status:201 request:0.086s]
[2025-09-22T01:59:31.788+0000] {base.py:271} INFO - POST http://elasticsearch:9200/auto_sales_dataset/_doc [status:201 request:0.031s]
[2025-09-22T01:59:31.840+0000] {base.py:271} INFO - POST http://elasticsearch:9200/auto_sales_dataset/_doc [status:201 request:0.022s]
[2025-09-22T01:59:31.876+0000] {base.py:271} INFO - POST http://elasticsearch:9200/auto_sales_dataset/_doc [status:201 request:0.033s]
[2025-09-22T01:59:31.922+0000] {base.py:271} INFO - POST http://elasticsearch:9200/auto_sales_dataset/_doc [status:201 request:0.041s]
[2025-09-22T01:59:31.942+0000] {base.py:271} INFO - POST http://elasticsearch:9200/auto_sales_dataset/_doc [status:201 request:0.017s]
[2025-09-22T01:59:31.977+0000] {base.py:271} INFO - POST http://elasticsearch:9200/auto_sales_dataset/_doc [status:201 request:0.025s]
[2025-09-22T01:59:32.007+0000] {base.py:271} INFO - POST http://elasticsearch:9200/auto_sales_dataset/_doc [status:201 request:0.023s]
[2025-09-22T01:59:32.057+0000] {base.py:271} INFO - POST http://elasticsearch:9200/auto_sales_dataset/_doc [status:201 request:0.046s]
[2025-09-22T01:59:32.088+0000] {base.py:271} INFO - POST http://elasticsearch:9200/auto_sales_dataset/_doc [status:201 request:0.025s]
[2025-09-22T01:59:32.120+0000] {base.py:271} INFO - POST http://elasticsearch:9200/auto_sales_dataset/_doc [status:201 request:0.028s]
[2025-09-22T01:59:32.142+0000] {base.py:271} INFO - POST http://elasticsearch:9200/auto_sales_dataset/_doc [status:201 request:0.020s]
[2025-09-22T01:59:32.163+0000] {base.py:271} INFO - POST http://elasticsearch:9200/auto_sales_dataset/_doc [status:201 request:0.016s]
[2025-09-22T01:59:32.188+0000] {base.py:271} INFO - POST http://elasticsearch:9200/auto_sales_dataset/_doc [status:201 request:0.022s]
[2025-09-22T01:59:32.205+0000] {base.py:271} INFO - POST http://elasticsearch:9200/auto_sales_dataset/_doc [status:201 request:0.014s]
[2025-09-22T01:59:32.223+0000] {base.py:271} INFO - POST http://elasticsearch:9200/auto_sales_dataset/_doc [status:201 request:0.016s]
[2025-09-22T01:59:32.255+0000] {base.py:271} INFO - POST http://elasticsearch:9200/auto_sales_dataset/_doc [status:201 request:0.017s]
[2025-09-22T01:59:32.274+0000] {base.py:271} INFO - POST http://elasticsearch:9200/auto_sales_dataset/_doc [status:201 request:0.017s]
[2025-09-22T01:59:32.294+0000] {base.py:271} INFO - POST http://elasticsearch:9200/auto_sales_dataset/_doc [status:201 request:0.016s]
[2025-09-22T01:59:32.336+0000] {base.py:271} INFO - POST http://elasticsearch:9200/auto_sales_dataset/_doc [status:201 request:0.034s]
[2025-09-22T01:59:32.366+0000] {base.py:271} INFO - POST http://elasticsearch:9200/auto_sales_dataset/_doc [status:201 request:0.025s]
[2025-09-22T01:59:32.405+0000] {base.py:271} INFO - POST http://elasticsearch:9200/auto_sales_dataset/_doc [status:201 request:0.036s]
[2025-09-22T01:59:32.435+0000] {base.py:271} INFO - POST http://elasticsearch:9200/auto_sales_dataset/_doc [status:201 request:0.026s]
[2025-09-22T01:59:32.464+0000] {base.py:271} INFO - POST http://elasticsearch:9200/auto_sales_dataset/_doc [status:201 request:0.026s]
[2025-09-22T01:59:32.544+0000] {base.py:271} INFO - POST http://elasticsearch:9200/auto_sales_dataset/_doc [status:201 request:0.067s]
[2025-09-22T01:59:32.956+0000] {base.py:271} INFO - POST http://elasticsearch:9200/auto_sales_dataset/_doc [status:201 request:0.392s]
[2025-09-22T01:59:33.211+0000] {base.py:271} INFO - POST http://elasticsearch:9200/auto_sales_dataset/_doc [status:201 request:0.212s]
[2025-09-22T01:59:33.359+0000] {base.py:271} INFO - POST http://elasticsearch:9200/auto_sales_dataset/_doc [status:201 request:0.121s]
[2025-09-22T01:59:33.415+0000] {base.py:271} INFO - POST http://elasticsearch:9200/auto_sales_dataset/_doc [status:201 request:0.047s]
[2025-09-22T01:59:33.530+0000] {base.py:271} INFO - POST http://elasticsearch:9200/auto_sales_dataset/_doc [status:201 request:0.052s]
[2025-09-22T01:59:33.632+0000] {base.py:271} INFO - POST http://elasticsearch:9200/auto_sales_dataset/_doc [status:201 request:0.062s]
[2025-09-22T01:59:33.666+0000] {base.py:271} INFO - POST http://elasticsearch:9200/auto_sales_dataset/_doc [status:201 request:0.031s]
[2025-09-22T01:59:33.702+0000] {base.py:271} INFO - POST http://elasticsearch:9200/auto_sales_dataset/_doc [status:201 request:0.032s]
[2025-09-22T01:59:33.720+0000] {base.py:271} INFO - POST http://elasticsearch:9200/auto_sales_dataset/_doc [status:201 request:0.015s]
[2025-09-22T01:59:33.742+0000] {base.py:271} INFO - POST http://elasticsearch:9200/auto_sales_dataset/_doc [status:201 request:0.021s]
[2025-09-22T01:59:33.800+0000] {base.py:271} INFO - POST http://elasticsearch:9200/auto_sales_dataset/_doc [status:201 request:0.032s]
[2025-09-22T01:59:33.866+0000] {base.py:271} INFO - POST http://elasticsearch:9200/auto_sales_dataset/_doc [status:201 request:0.047s]
[2025-09-22T01:59:33.953+0000] {base.py:271} INFO - POST http://elasticsearch:9200/auto_sales_dataset/_doc [status:201 request:0.053s]
[2025-09-22T01:59:34.029+0000] {base.py:271} INFO - POST http://elasticsearch:9200/auto_sales_dataset/_doc [status:201 request:0.057s]
[2025-09-22T01:59:34.081+0000] {base.py:271} INFO - POST http://elasticsearch:9200/auto_sales_dataset/_doc [status:201 request:0.039s]
[2025-09-22T01:59:34.162+0000] {base.py:271} INFO - POST http://elasticsearch:9200/auto_sales_dataset/_doc [status:201 request:0.054s]
[2025-09-22T01:59:34.207+0000] {base.py:271} INFO - POST http://elasticsearch:9200/auto_sales_dataset/_doc [status:201 request:0.028s]
[2025-09-22T01:59:34.270+0000] {base.py:271} INFO - POST http://elasticsearch:9200/auto_sales_dataset/_doc [status:201 request:0.038s]
[2025-09-22T01:59:34.321+0000] {base.py:271} INFO - POST http://elasticsearch:9200/auto_sales_dataset/_doc [status:201 request:0.035s]
[2025-09-22T01:59:34.378+0000] {base.py:271} INFO - POST http://elasticsearch:9200/auto_sales_dataset/_doc [status:201 request:0.033s]
[2025-09-22T01:59:34.433+0000] {base.py:271} INFO - POST http://elasticsearch:9200/auto_sales_dataset/_doc [status:201 request:0.040s]
[2025-09-22T01:59:34.492+0000] {base.py:271} INFO - POST http://elasticsearch:9200/auto_sales_dataset/_doc [status:201 request:0.040s]
[2025-09-22T01:59:34.572+0000] {base.py:271} INFO - POST http://elasticsearch:9200/auto_sales_dataset/_doc [status:201 request:0.053s]
[2025-09-22T01:59:34.667+0000] {base.py:271} INFO - POST http://elasticsearch:9200/auto_sales_dataset/_doc [status:201 request:0.064s]
[2025-09-22T01:59:34.743+0000] {base.py:271} INFO - POST http://elasticsearch:9200/auto_sales_dataset/_doc [status:201 request:0.053s]
[2025-09-22T01:59:34.874+0000] {base.py:271} INFO - POST http://elasticsearch:9200/auto_sales_dataset/_doc [status:201 request:0.099s]
[2025-09-22T01:59:35.000+0000] {base.py:271} INFO - POST http://elasticsearch:9200/auto_sales_dataset/_doc [status:201 request:0.082s]
[2025-09-22T01:59:35.109+0000] {base.py:271} INFO - POST http://elasticsearch:9200/auto_sales_dataset/_doc [status:201 request:0.056s]
[2025-09-22T01:59:35.218+0000] {base.py:271} INFO - POST http://elasticsearch:9200/auto_sales_dataset/_doc [status:201 request:0.067s]
[2025-09-22T01:59:35.371+0000] {base.py:271} INFO - POST http://elasticsearch:9200/auto_sales_dataset/_doc [status:201 request:0.128s]
[2025-09-22T01:59:35.502+0000] {base.py:271} INFO - POST http://elasticsearch:9200/auto_sales_dataset/_doc [status:201 request:0.089s]
[2025-09-22T01:59:35.617+0000] {base.py:271} INFO - POST http://elasticsearch:9200/auto_sales_dataset/_doc [status:201 request:0.067s]
[2025-09-22T01:59:35.739+0000] {base.py:271} INFO - POST http://elasticsearch:9200/auto_sales_dataset/_doc [status:201 request:0.085s]
[2025-09-22T01:59:35.815+0000] {base.py:271} INFO - POST http://elasticsearch:9200/auto_sales_dataset/_doc [status:201 request:0.047s]
[2025-09-22T01:59:35.877+0000] {base.py:271} INFO - POST http://elasticsearch:9200/auto_sales_dataset/_doc [status:201 request:0.039s]
[2025-09-22T01:59:35.943+0000] {base.py:271} INFO - POST http://elasticsearch:9200/auto_sales_dataset/_doc [status:201 request:0.044s]
[2025-09-22T01:59:36.002+0000] {base.py:271} INFO - POST http://elasticsearch:9200/auto_sales_dataset/_doc [status:201 request:0.044s]
[2025-09-22T01:59:36.034+0000] {base.py:271} INFO - POST http://elasticsearch:9200/auto_sales_dataset/_doc [status:201 request:0.017s]
[2025-09-22T01:59:36.056+0000] {base.py:271} INFO - POST http://elasticsearch:9200/auto_sales_dataset/_doc [status:201 request:0.011s]
[2025-09-22T01:59:36.072+0000] {base.py:271} INFO - POST http://elasticsearch:9200/auto_sales_dataset/_doc [status:201 request:0.010s]
[2025-09-22T01:59:36.089+0000] {base.py:271} INFO - POST http://elasticsearch:9200/auto_sales_dataset/_doc [status:201 request:0.014s]
[2025-09-22T01:59:36.105+0000] {base.py:271} INFO - POST http://elasticsearch:9200/auto_sales_dataset/_doc [status:201 request:0.013s]
[2025-09-22T01:59:36.120+0000] {base.py:271} INFO - POST http://elasticsearch:9200/auto_sales_dataset/_doc [status:201 request:0.013s]
[2025-09-22T01:59:36.142+0000] {base.py:271} INFO - POST http://elasticsearch:9200/auto_sales_dataset/_doc [status:201 request:0.021s]
[2025-09-22T01:59:36.192+0000] {base.py:271} INFO - POST http://elasticsearch:9200/auto_sales_dataset/_doc [status:201 request:0.032s]
[2025-09-22T01:59:36.233+0000] {base.py:271} INFO - POST http://elasticsearch:9200/auto_sales_dataset/_doc [status:201 request:0.027s]
[2025-09-22T01:59:36.288+0000] {base.py:271} INFO - POST http://elasticsearch:9200/auto_sales_dataset/_doc [status:201 request:0.037s]
[2025-09-22T01:59:36.382+0000] {base.py:271} INFO - POST http://elasticsearch:9200/auto_sales_dataset/_doc [status:201 request:0.069s]
[2025-09-22T01:59:37.063+0000] {base.py:299} WARNING - POST http://elasticsearch:9200/auto_sales_dataset/_doc [status:N/A request:0.623s]
Traceback (most recent call last):
  File "/home/airflow/.local/lib/python3.7/site-packages/urllib3/connectionpool.py", line 710, in urlopen
    chunked=chunked,
  File "/home/airflow/.local/lib/python3.7/site-packages/urllib3/connectionpool.py", line 449, in _make_request
    six.raise_from(e, None)
  File "<string>", line 3, in raise_from
  File "/home/airflow/.local/lib/python3.7/site-packages/urllib3/connectionpool.py", line 444, in _make_request
    httplib_response = conn.getresponse()
  File "/usr/local/lib/python3.7/http/client.py", line 1373, in getresponse
    response.begin()
  File "/usr/local/lib/python3.7/http/client.py", line 319, in begin
    version, status, reason = self._read_status()
  File "/usr/local/lib/python3.7/http/client.py", line 280, in _read_status
    line = str(self.fp.readline(_MAXLINE + 1), "iso-8859-1")
  File "/usr/local/lib/python3.7/socket.py", line 589, in readinto
    return self._sock.recv_into(b)
ConnectionResetError: [Errno 104] Connection reset by peer

During handling of the above exception, another exception occurred:

Traceback (most recent call last):
  File "/home/airflow/.local/lib/python3.7/site-packages/elasticsearch/connection/http_urllib3.py", line 252, in perform_request
    method, url, body, retries=Retry(False), headers=request_headers, **kw
  File "/home/airflow/.local/lib/python3.7/site-packages/urllib3/connectionpool.py", line 788, in urlopen
    method, url, error=e, _pool=self, _stacktrace=sys.exc_info()[2]
  File "/home/airflow/.local/lib/python3.7/site-packages/urllib3/util/retry.py", line 525, in increment
    raise six.reraise(type(error), error, _stacktrace)
  File "/home/airflow/.local/lib/python3.7/site-packages/urllib3/packages/six.py", line 769, in reraise
    raise value.with_traceback(tb)
  File "/home/airflow/.local/lib/python3.7/site-packages/urllib3/connectionpool.py", line 710, in urlopen
    chunked=chunked,
  File "/home/airflow/.local/lib/python3.7/site-packages/urllib3/connectionpool.py", line 449, in _make_request
    six.raise_from(e, None)
  File "<string>", line 3, in raise_from
  File "/home/airflow/.local/lib/python3.7/site-packages/urllib3/connectionpool.py", line 444, in _make_request
    httplib_response = conn.getresponse()
  File "/usr/local/lib/python3.7/http/client.py", line 1373, in getresponse
    response.begin()
  File "/usr/local/lib/python3.7/http/client.py", line 319, in begin
    version, status, reason = self._read_status()
  File "/usr/local/lib/python3.7/http/client.py", line 280, in _read_status
    line = str(self.fp.readline(_MAXLINE + 1), "iso-8859-1")
  File "/usr/local/lib/python3.7/socket.py", line 589, in readinto
    return self._sock.recv_into(b)
urllib3.exceptions.ProtocolError: ('Connection aborted.', ConnectionResetError(104, 'Connection reset by peer'))
[2025-09-22T01:59:37.173+0000] {base.py:299} WARNING - POST http://elasticsearch:9200/auto_sales_dataset/_doc [status:N/A request:0.033s]
Traceback (most recent call last):
  File "/home/airflow/.local/lib/python3.7/site-packages/urllib3/connection.py", line 175, in _new_conn
    (self._dns_host, self.port), self.timeout, **extra_kw
  File "/home/airflow/.local/lib/python3.7/site-packages/urllib3/util/connection.py", line 95, in create_connection
    raise err
  File "/home/airflow/.local/lib/python3.7/site-packages/urllib3/util/connection.py", line 85, in create_connection
    sock.connect(sa)
ConnectionRefusedError: [Errno 111] Connection refused

During handling of the above exception, another exception occurred:

Traceback (most recent call last):
  File "/home/airflow/.local/lib/python3.7/site-packages/elasticsearch/connection/http_urllib3.py", line 252, in perform_request
    method, url, body, retries=Retry(False), headers=request_headers, **kw
  File "/home/airflow/.local/lib/python3.7/site-packages/urllib3/connectionpool.py", line 788, in urlopen
    method, url, error=e, _pool=self, _stacktrace=sys.exc_info()[2]
  File "/home/airflow/.local/lib/python3.7/site-packages/urllib3/util/retry.py", line 525, in increment
    raise six.reraise(type(error), error, _stacktrace)
  File "/home/airflow/.local/lib/python3.7/site-packages/urllib3/packages/six.py", line 770, in reraise
    raise value
  File "/home/airflow/.local/lib/python3.7/site-packages/urllib3/connectionpool.py", line 710, in urlopen
    chunked=chunked,
  File "/home/airflow/.local/lib/python3.7/site-packages/urllib3/connectionpool.py", line 398, in _make_request
    conn.request(method, url, **httplib_request_kw)
  File "/home/airflow/.local/lib/python3.7/site-packages/urllib3/connection.py", line 239, in request
    super(HTTPConnection, self).request(method, url, body=body, headers=headers)
  File "/usr/local/lib/python3.7/http/client.py", line 1281, in request
    self._send_request(method, url, body, headers, encode_chunked)
  File "/usr/local/lib/python3.7/http/client.py", line 1327, in _send_request
    self.endheaders(body, encode_chunked=encode_chunked)
  File "/usr/local/lib/python3.7/http/client.py", line 1276, in endheaders
    self._send_output(message_body, encode_chunked=encode_chunked)
  File "/usr/local/lib/python3.7/http/client.py", line 1036, in _send_output
    self.send(msg)
  File "/usr/local/lib/python3.7/http/client.py", line 976, in send
    self.connect()
  File "/home/airflow/.local/lib/python3.7/site-packages/urllib3/connection.py", line 205, in connect
    conn = self._new_conn()
  File "/home/airflow/.local/lib/python3.7/site-packages/urllib3/connection.py", line 187, in _new_conn
    self, "Failed to establish a new connection: %s" % e
urllib3.exceptions.NewConnectionError: <urllib3.connection.HTTPConnection object at 0xffff93d7d190>: Failed to establish a new connection: [Errno 111] Connection refused
[2025-09-22T01:59:37.187+0000] {base.py:299} WARNING - POST http://elasticsearch:9200/auto_sales_dataset/_doc [status:N/A request:0.003s]
Traceback (most recent call last):
  File "/home/airflow/.local/lib/python3.7/site-packages/urllib3/connection.py", line 175, in _new_conn
    (self._dns_host, self.port), self.timeout, **extra_kw
  File "/home/airflow/.local/lib/python3.7/site-packages/urllib3/util/connection.py", line 95, in create_connection
    raise err
  File "/home/airflow/.local/lib/python3.7/site-packages/urllib3/util/connection.py", line 85, in create_connection
    sock.connect(sa)
ConnectionRefusedError: [Errno 111] Connection refused

During handling of the above exception, another exception occurred:

Traceback (most recent call last):
  File "/home/airflow/.local/lib/python3.7/site-packages/elasticsearch/connection/http_urllib3.py", line 252, in perform_request
    method, url, body, retries=Retry(False), headers=request_headers, **kw
  File "/home/airflow/.local/lib/python3.7/site-packages/urllib3/connectionpool.py", line 788, in urlopen
    method, url, error=e, _pool=self, _stacktrace=sys.exc_info()[2]
  File "/home/airflow/.local/lib/python3.7/site-packages/urllib3/util/retry.py", line 525, in increment
    raise six.reraise(type(error), error, _stacktrace)
  File "/home/airflow/.local/lib/python3.7/site-packages/urllib3/packages/six.py", line 770, in reraise
    raise value
  File "/home/airflow/.local/lib/python3.7/site-packages/urllib3/connectionpool.py", line 710, in urlopen
    chunked=chunked,
  File "/home/airflow/.local/lib/python3.7/site-packages/urllib3/connectionpool.py", line 398, in _make_request
    conn.request(method, url, **httplib_request_kw)
  File "/home/airflow/.local/lib/python3.7/site-packages/urllib3/connection.py", line 239, in request
    super(HTTPConnection, self).request(method, url, body=body, headers=headers)
  File "/usr/local/lib/python3.7/http/client.py", line 1281, in request
    self._send_request(method, url, body, headers, encode_chunked)
  File "/usr/local/lib/python3.7/http/client.py", line 1327, in _send_request
    self.endheaders(body, encode_chunked=encode_chunked)
  File "/usr/local/lib/python3.7/http/client.py", line 1276, in endheaders
    self._send_output(message_body, encode_chunked=encode_chunked)
  File "/usr/local/lib/python3.7/http/client.py", line 1036, in _send_output
    self.send(msg)
  File "/usr/local/lib/python3.7/http/client.py", line 976, in send
    self.connect()
  File "/home/airflow/.local/lib/python3.7/site-packages/urllib3/connection.py", line 205, in connect
    conn = self._new_conn()
  File "/home/airflow/.local/lib/python3.7/site-packages/urllib3/connection.py", line 187, in _new_conn
    self, "Failed to establish a new connection: %s" % e
urllib3.exceptions.NewConnectionError: <urllib3.connection.HTTPConnection object at 0xffff93d7d2d0>: Failed to establish a new connection: [Errno 111] Connection refused
[2025-09-22T01:59:37.205+0000] {base.py:299} WARNING - POST http://elasticsearch:9200/auto_sales_dataset/_doc [status:N/A request:0.004s]
Traceback (most recent call last):
  File "/home/airflow/.local/lib/python3.7/site-packages/urllib3/connection.py", line 175, in _new_conn
    (self._dns_host, self.port), self.timeout, **extra_kw
  File "/home/airflow/.local/lib/python3.7/site-packages/urllib3/util/connection.py", line 95, in create_connection
    raise err
  File "/home/airflow/.local/lib/python3.7/site-packages/urllib3/util/connection.py", line 85, in create_connection
    sock.connect(sa)
ConnectionRefusedError: [Errno 111] Connection refused

During handling of the above exception, another exception occurred:

Traceback (most recent call last):
  File "/home/airflow/.local/lib/python3.7/site-packages/elasticsearch/connection/http_urllib3.py", line 252, in perform_request
    method, url, body, retries=Retry(False), headers=request_headers, **kw
  File "/home/airflow/.local/lib/python3.7/site-packages/urllib3/connectionpool.py", line 788, in urlopen
    method, url, error=e, _pool=self, _stacktrace=sys.exc_info()[2]
  File "/home/airflow/.local/lib/python3.7/site-packages/urllib3/util/retry.py", line 525, in increment
    raise six.reraise(type(error), error, _stacktrace)
  File "/home/airflow/.local/lib/python3.7/site-packages/urllib3/packages/six.py", line 770, in reraise
    raise value
  File "/home/airflow/.local/lib/python3.7/site-packages/urllib3/connectionpool.py", line 710, in urlopen
    chunked=chunked,
  File "/home/airflow/.local/lib/python3.7/site-packages/urllib3/connectionpool.py", line 398, in _make_request
    conn.request(method, url, **httplib_request_kw)
  File "/home/airflow/.local/lib/python3.7/site-packages/urllib3/connection.py", line 239, in request
    super(HTTPConnection, self).request(method, url, body=body, headers=headers)
  File "/usr/local/lib/python3.7/http/client.py", line 1281, in request
    self._send_request(method, url, body, headers, encode_chunked)
  File "/usr/local/lib/python3.7/http/client.py", line 1327, in _send_request
    self.endheaders(body, encode_chunked=encode_chunked)
  File "/usr/local/lib/python3.7/http/client.py", line 1276, in endheaders
    self._send_output(message_body, encode_chunked=encode_chunked)
  File "/usr/local/lib/python3.7/http/client.py", line 1036, in _send_output
    self.send(msg)
  File "/usr/local/lib/python3.7/http/client.py", line 976, in send
    self.connect()
  File "/home/airflow/.local/lib/python3.7/site-packages/urllib3/connection.py", line 205, in connect
    conn = self._new_conn()
  File "/home/airflow/.local/lib/python3.7/site-packages/urllib3/connection.py", line 187, in _new_conn
    self, "Failed to establish a new connection: %s" % e
urllib3.exceptions.NewConnectionError: <urllib3.connection.HTTPConnection object at 0xffff93c20290>: Failed to establish a new connection: [Errno 111] Connection refused
[2025-09-22T01:59:37.214+0000] {taskinstance.py:1902} ERROR - Task failed with exception
Traceback (most recent call last):
  File "/home/airflow/.local/lib/python3.7/site-packages/urllib3/connection.py", line 175, in _new_conn
    (self._dns_host, self.port), self.timeout, **extra_kw
  File "/home/airflow/.local/lib/python3.7/site-packages/urllib3/util/connection.py", line 95, in create_connection
    raise err
  File "/home/airflow/.local/lib/python3.7/site-packages/urllib3/util/connection.py", line 85, in create_connection
    sock.connect(sa)
ConnectionRefusedError: [Errno 111] Connection refused

During handling of the above exception, another exception occurred:

Traceback (most recent call last):
  File "/home/airflow/.local/lib/python3.7/site-packages/elasticsearch/connection/http_urllib3.py", line 252, in perform_request
    method, url, body, retries=Retry(False), headers=request_headers, **kw
  File "/home/airflow/.local/lib/python3.7/site-packages/urllib3/connectionpool.py", line 788, in urlopen
    method, url, error=e, _pool=self, _stacktrace=sys.exc_info()[2]
  File "/home/airflow/.local/lib/python3.7/site-packages/urllib3/util/retry.py", line 525, in increment
    raise six.reraise(type(error), error, _stacktrace)
  File "/home/airflow/.local/lib/python3.7/site-packages/urllib3/packages/six.py", line 770, in reraise
    raise value
  File "/home/airflow/.local/lib/python3.7/site-packages/urllib3/connectionpool.py", line 710, in urlopen
    chunked=chunked,
  File "/home/airflow/.local/lib/python3.7/site-packages/urllib3/connectionpool.py", line 398, in _make_request
    conn.request(method, url, **httplib_request_kw)
  File "/home/airflow/.local/lib/python3.7/site-packages/urllib3/connection.py", line 239, in request
    super(HTTPConnection, self).request(method, url, body=body, headers=headers)
  File "/usr/local/lib/python3.7/http/client.py", line 1281, in request
    self._send_request(method, url, body, headers, encode_chunked)
  File "/usr/local/lib/python3.7/http/client.py", line 1327, in _send_request
    self.endheaders(body, encode_chunked=encode_chunked)
  File "/usr/local/lib/python3.7/http/client.py", line 1276, in endheaders
    self._send_output(message_body, encode_chunked=encode_chunked)
  File "/usr/local/lib/python3.7/http/client.py", line 1036, in _send_output
    self.send(msg)
  File "/usr/local/lib/python3.7/http/client.py", line 976, in send
    self.connect()
  File "/home/airflow/.local/lib/python3.7/site-packages/urllib3/connection.py", line 205, in connect
    conn = self._new_conn()
  File "/home/airflow/.local/lib/python3.7/site-packages/urllib3/connection.py", line 187, in _new_conn
    self, "Failed to establish a new connection: %s" % e
urllib3.exceptions.NewConnectionError: <urllib3.connection.HTTPConnection object at 0xffff93c20290>: Failed to establish a new connection: [Errno 111] Connection refused

During handling of the above exception, another exception occurred:

Traceback (most recent call last):
  File "/home/airflow/.local/lib/python3.7/site-packages/airflow/operators/python.py", line 171, in execute
    return_value = self.execute_callable()
  File "/home/airflow/.local/lib/python3.7/site-packages/airflow/operators/python.py", line 189, in execute_callable
    return self.python_callable(*self.op_args, **self.op_kwargs)
  File "/opt/airflow/dags/etl_pg_to_es.py", line 102, in saveToElastic
    body=doc
  File "/home/airflow/.local/lib/python3.7/site-packages/elasticsearch/client/utils.py", line 168, in _wrapped
    return func(*args, params=params, headers=headers, **kwargs)
  File "/home/airflow/.local/lib/python3.7/site-packages/elasticsearch/client/__init__.py", line 411, in index
    body=body,
  File "/home/airflow/.local/lib/python3.7/site-packages/elasticsearch/transport.py", line 413, in perform_request
    raise e
  File "/home/airflow/.local/lib/python3.7/site-packages/elasticsearch/transport.py", line 388, in perform_request
    timeout=timeout,
  File "/home/airflow/.local/lib/python3.7/site-packages/elasticsearch/connection/http_urllib3.py", line 266, in perform_request
    raise ConnectionError("N/A", str(e), e)
elasticsearch.exceptions.ConnectionError: ConnectionError(<urllib3.connection.HTTPConnection object at 0xffff93c20290>: Failed to establish a new connection: [Errno 111] Connection refused) caused by: NewConnectionError(<urllib3.connection.HTTPConnection object at 0xffff93c20290>: Failed to establish a new connection: [Errno 111] Connection refused)
[2025-09-22T01:59:37.524+0000] {taskinstance.py:1412} INFO - Marking task as FAILED. dag_id=sql_to_elastic, task_id=saveToElastic, execution_date=20250922T013203, start_date=20250922T015921, end_date=20250922T015937
[2025-09-22T01:59:37.653+0000] {standard_task_runner.py:97} ERROR - Failed to execute job 55 for task saveToElastic (ConnectionError(<urllib3.connection.HTTPConnection object at 0xffff93c20290>: Failed to establish a new connection: [Errno 111] Connection refused) caused by: NewConnectionError(<urllib3.connection.HTTPConnection object at 0xffff93c20290>: Failed to establish a new connection: [Errno 111] Connection refused); 202)
[2025-09-22T01:59:37.844+0000] {local_task_job.py:156} INFO - Task exited with return code 1
[2025-09-22T01:59:38.211+0000] {local_task_job.py:279} INFO - 0 downstream tasks scheduled from follow-on schedule check
