[2025-09-22T01:20:55.417+0000] {taskinstance.py:1171} INFO - Dependencies all met for <TaskInstance: sql_to_elastic.dataCleaning manual__2025-09-22T01:20:48.954606+00:00 [queued]>
[2025-09-22T01:20:55.436+0000] {taskinstance.py:1171} INFO - Dependencies all met for <TaskInstance: sql_to_elastic.dataCleaning manual__2025-09-22T01:20:48.954606+00:00 [queued]>
[2025-09-22T01:20:55.437+0000] {taskinstance.py:1368} INFO - 
--------------------------------------------------------------------------------
[2025-09-22T01:20:55.448+0000] {taskinstance.py:1369} INFO - Starting attempt 1 of 1
[2025-09-22T01:20:55.450+0000] {taskinstance.py:1370} INFO - 
--------------------------------------------------------------------------------
[2025-09-22T01:20:55.484+0000] {taskinstance.py:1389} INFO - Executing <Task(PythonOperator): dataCleaning> on 2025-09-22 01:20:48.954606+00:00
[2025-09-22T01:20:55.510+0000] {standard_task_runner.py:52} INFO - Started process 278 to run task
[2025-09-22T01:20:55.519+0000] {standard_task_runner.py:79} INFO - Running: ['***', 'tasks', 'run', 'sql_to_elastic', 'dataCleaning', 'manual__2025-09-22T01:20:48.954606+00:00', '--job-id', '13', '--raw', '--subdir', 'DAGS_FOLDER/dag.py', '--cfg-path', '/tmp/tmpbcz53xjq', '--error-file', '/tmp/tmphu752__3']
[2025-09-22T01:20:55.521+0000] {standard_task_runner.py:80} INFO - Job 13: Subtask dataCleaning
[2025-09-22T01:20:56.204+0000] {task_command.py:371} INFO - Running <TaskInstance: sql_to_elastic.dataCleaning manual__2025-09-22T01:20:48.954606+00:00 [running]> on host 05976e0e19d1
[2025-09-22T01:20:56.525+0000] {taskinstance.py:1583} INFO - Exporting the following env vars:
AIRFLOW_CTX_DAG_OWNER=***
AIRFLOW_CTX_DAG_ID=sql_to_elastic
AIRFLOW_CTX_TASK_ID=dataCleaning
AIRFLOW_CTX_EXECUTION_DATE=2025-09-22T01:20:48.954606+00:00
AIRFLOW_CTX_TRY_NUMBER=1
AIRFLOW_CTX_DAG_RUN_ID=manual__2025-09-22T01:20:48.954606+00:00
[2025-09-22T01:20:56.619+0000] {logging_mixin.py:115} INFO - [10107, 10121, 10134, 10145, 10168, 10180, 10188, 10211, 10223, 10237, 10251, 10263, 10275, 10285, 10299, 10309, 10318, 10329, 10341, 10361, 10375, 10388, 10403, 10417, 10103, 10112, 10126, 10140, 10150, 10163, 10174, 10183, 10194, 10206, 10215, 10228, 10245, 10258, 10270, 10280, 10291, 10304, 10312, 10322, 10347, 10357, 10369, 10391, 10411, 10424, 10107, 10120, 10134, 10145, 10168, 10180, 10188, 10210, 10223, 10236, 10251, 10263, 10275, 10285, 10298, 10308, 10318, 10329, 10339, 10361, 10374, 10388, 10402, 10417, 10107, 10120, 10134, 10145, 10168, 10180, 10188, 10210, 10223, 10237, 10251, 10263, 10275, 10285, 10299, 10308, 10318, 10329, 10339, 10362, 10374, 10388, 10403, 10417, 10105, 10119, 10129, 10143, 10155, 10167, 10178, 10186, 10197, 10222, 10248, 10261, 10273, 10283, 10295, 10307, 10316, 10325, 10337, 10350, 10359, 10373, 10395, 10400, 10414, 10103, 10114, 10126, 10140, 10150, 10164, 10175, 10183, 10194, 10207, 10217, 10229, 10245, 10259, 10270, 10281, 10291, 10305, 10313, 10322, 10334, 10347, 10357, 10370, 10391, 10411, 10425, 10108, 10122, 10135, 10147, 10169, 10181, 10191, 10203, 10211, 10225, 10238, 10253, 10266, 10276, 10287, 10300, 10310, 10320, 10329, 10341, 10363, 10375, 10389, 10419, 10105, 10117, 10127, 10142, 10153, 10165, 10176, 10185, 10196, 10208, 10220, 10231, 10247, 10272, 10282, 10293, 10306, 10314, 10325, 10336, 10348, 10359, 10371, 10382, 10395, 10413, 10103, 10113, 10126, 10140, 10150, 10164, 10174, 10183, 10194, 10206, 10216, 10229, 10245, 10258, 10270, 10281, 10291, 10304, 10313, 10322, 10347, 10357, 10370, 10391, 10411, 10424, 10107, 10121, 10134, 10145, 10169, 10180, 10189, 10211, 10224, 10237, 10251, 10263, 10276, 10285, 10299, 10309, 10319, 10329, 10341, 10362, 10375, 10388, 10403, 10417, 10104, 10117, 10127, 10142, 10153, 10165, 10176, 10185, 10196, 10208, 10220, 10230, 10247, 10272, 10282, 10293, 10306, 10314, 10324, 10336, 10348, 10358, 10372, 10382, 10413, 10108, 10122, 10135, 10147, 10170, 10181, 10191, 10203, 10212, 10225, 10238, 10253, 10266, 10276, 10287, 10300, 10310, 10320, 10329, 10341, 10363, 10376, 10389, 10419, 10105, 10117, 10127, 10142, 10153, 10165, 10176, 10185, 10196, 10208, 10220, 10231, 10247, 10272, 10282, 10293, 10306, 10314, 10325, 10336, 10349, 10359, 10372, 10382, 10396, 10413, 10108, 10122, 10135, 10147, 10169, 10181, 10191, 10203, 10211, 10225, 10238, 10253, 10266, 10276, 10287, 10300, 10310, 10320, 10329, 10341, 10363, 10377, 10389, 10419, 10104, 10115, 10127, 10141, 10151, 10165, 10175, 10184, 10195, 10207, 10219, 10229, 10246, 10259, 10271, 10281, 10292, 10305, 10314, 10324, 10336, 10349, 10358, 10371, 10382, 10412, 10425, 10108, 10122, 10135, 10147, 10170, 10181, 10192, 10203, 10212, 10225, 10239, 10253, 10266, 10277, 10287, 10300, 10310, 10321, 10329, 10341, 10363, 10377, 10389, 10405, 10419, 10103, 10113, 10126, 10140, 10150, 10164, 10174, 10183, 10194, 10206, 10215, 10228, 10245, 10258, 10270, 10280, 10291, 10304, 10312, 10322, 10347, 10357, 10370, 10391, 10411, 10424, 10109, 10122, 10136, 10148, 10161, 10171, 10181, 10192, 10204, 10212, 10225, 10240, 10253, 10266, 10278, 10287, 10301, 10310, 10321, 10331, 10342, 10356, 10365, 10377, 10390, 10406, 10419, 10102, 10125, 10139, 10149, 10173, 10182, 10193, 10205, 10215, 10227, 10244, 10256, 10280, 10289, 10304, 10312, 10322, 10332, 10346, 10356, 10369, 10380, 10391, 10422, 10102, 10126, 10139, 10149, 10173, 10182, 10193, 10205, 10215, 10227, 10244, 10256, 10280, 10289, 10304, 10312, 10322, 10332, 10347, 10356, 10369, 10391, 10422, 10110, 10123, 10137, 10148, 10161, 10172, 10181, 10192, 10204, 10212, 10226, 10241, 10253, 10266, 10278, 10288, 10301, 10311, 10321, 10331, 10343, 10367, 10378, 10407, 10419, 10106, 10119, 10131, 10143, 10155, 10167, 10178, 10186, 10198, 10210, 10222, 10250, 10262, 10274, 10284, 10296, 10307, 10316, 10327, 10338, 10351, 10373, 10386, 10398, 10400, 10416, 10100, 10110, 10124, 10149, 10173, 10182, 10193, 10204, 10214, 10227, 10241, 10280, 10288, 10302, 10312, 10331, 10344, 10367, 10379, 10407, 10420, 10108, 10122, 10135, 10147, 10170, 10181, 10192, 10203, 10212, 10225, 10239, 10253, 10266, 10278, 10287, 10300, 10310, 10321, 10329, 10342, 10363, 10377, 10389, 10405, 10419, 10109, 10122, 10136, 10148, 10161, 10171, 10181, 10192, 10204, 10212, 10226, 10240, 10253, 10266, 10278, 10287, 10301, 10310, 10321, 10331, 10342, 10356, 10366, 10377, 10390, 10406, 10419, 10104, 10115, 10127, 10141, 10151, 10165, 10176, 10184, 10195, 10207, 10219, 10230, 10246, 10259, 10271, 10282, 10292, 10305, 10314, 10324, 10336, 10349, 10358, 10371, 10382, 10412, 10425, 10100, 10110, 10124, 10149, 10173, 10182, 10193, 10204, 10214, 10227, 10241, 10280, 10288, 10303, 10312, 10332, 10344, 10367, 10379, 10407, 10420, 10104, 10114, 10127, 10141, 10151, 10165, 10175, 10184, 10195, 10207, 10229, 10246, 10259, 10271, 10281, 10292, 10305, 10313, 10324, 10334, 10349, 10358, 10370, 10383, 10412, 10425, 10101, 10110, 10124, 10149, 10173, 10182, 10193, 10204, 10214, 10227, 10243, 10280, 10288, 10304, 10312, 10322, 10332, 10344, 10356, 10367, 10380, 10390, 10409, 10420, 10103, 10114, 10126, 10140, 10151, 10165, 10175, 10184, 10194, 10207, 10217, 10229, 10246, 10259, 10271, 10281, 10291, 10305, 10313, 10322, 10334, 10347, 10357, 10370, 10391, 10412, 10425, 10106, 10120, 10133, 10145, 10168, 10210, 10223, 10235, 10250, 10263, 10275, 10284, 10297, 10308, 10318, 10327, 10339, 10353, 10374, 10386, 10398, 10401, 10416, 10107, 10120, 10134, 10145, 10168, 10180, 10188, 10210, 10223, 10236, 10251, 10263, 10275, 10285, 10298, 10308, 10318, 10329, 10339, 10362, 10374, 10389, 10402, 10417, 10101, 10110, 10125, 10139, 10149, 10173, 10182, 10193, 10205, 10214, 10227, 10244, 10255, 10280, 10289, 10304, 10312, 10322, 10332, 10347, 10356, 10367, 10380, 10390, 10421, 10109, 10123, 10137, 10148, 10161, 10172, 10181, 10192, 10204, 10212, 10226, 10241, 10253, 10266, 10278, 10287, 10301, 10311, 10321, 10331, 10343, 10366, 10379, 10407, 10419, 10103, 10112, 10126, 10139, 10150, 10163, 10174, 10183, 10193, 10206, 10215, 10228, 10244, 10257, 10270, 10280, 10291, 10304, 10312, 10322, 10347, 10357, 10369, 10391, 10423, 10103, 10126, 10139, 10150, 10163, 10173, 10183, 10193, 10206, 10215, 10228, 10244, 10257, 10269, 10280, 10291, 10304, 10312, 10322, 10332, 10347, 10357, 10369, 10392, 10423, 10106, 10119, 10130, 10143, 10155, 10167, 10178, 10186, 10197, 10222, 10248, 10262, 10273, 10283, 10296, 10307, 10316, 10327, 10338, 10350, 10373, 10386, 10398, 10400, 10414, 10103, 10126, 10139, 10150, 10163, 10173, 10183, 10193, 10206, 10215, 10228, 10244, 10257, 10270, 10280, 10291, 10304, 10312, 10322, 10332, 10347, 10357, 10369, 10392, 10423, 10105, 10117, 10128, 10142, 10153, 10166, 10177, 10185, 10196, 10208, 10221, 10232, 10248, 10273, 10282, 10293, 10306, 10314, 10325, 10336, 10350, 10372, 10383, 10396, 10414, 10104, 10109, 10114, 10122, 10127, 10136, 10141, 10148, 10151, 10165, 10171, 10175, 10181, 10184, 10192, 10195, 10203, 10207, 10212, 10225, 10229, 10239, 10246, 10253, 10259, 10266, 10271, 10278, 10281, 10287, 10292, 10301, 10305, 10310, 10313, 10321, 10324, 10331, 10334, 10342, 10349, 10358, 10366, 10370, 10377, 10383, 10394, 10405, 10412, 10419, 10425, 10105, 10117, 10128, 10142, 10153, 10165, 10177, 10185, 10196, 10208, 10221, 10232, 10248, 10273, 10282, 10293, 10306, 10314, 10326, 10336, 10350, 10372, 10383, 10396, 10414, 10108, 10122, 10135, 10147, 10169, 10181, 10191, 10203, 10211, 10225, 10238, 10252, 10265, 10276, 10287, 10300, 10310, 10319, 10329, 10342, 10363, 10378, 10390, 10103, 10126, 10139, 10149, 10163, 10173, 10182, 10193, 10206, 10215, 10227, 10244, 10257, 10280, 10290, 10304, 10312, 10323, 10347, 10357, 10369, 10382, 10392, 10423, 10108, 10122, 10135, 10147, 10169, 10181, 10191, 10203, 10211, 10225, 10238, 10252, 10265, 10276, 10287, 10300, 10310, 10320, 10330, 10342, 10355, 10363, 10378, 10390, 10109, 10123, 10137, 10148, 10161, 10172, 10181, 10192, 10204, 10212, 10226, 10240, 10253, 10266, 10278, 10287, 10301, 10311, 10321, 10331, 10343, 10367, 10379, 10406, 10419, 10108, 10122, 10135, 10146, 10169, 10180, 10191, 10211, 10224, 10237, 10252, 10264, 10276, 10286, 10299, 10310, 10319, 10330, 10342, 10355, 10363, 10378, 10390, 10403, 10106, 10119, 10130, 10143, 10155, 10167, 10178, 10186, 10197, 10222, 10249, 10262, 10273, 10283, 10296, 10307, 10316, 10328, 10338, 10351, 10373, 10386, 10398, 10400, 10415, 10104, 10117, 10127, 10142, 10152, 10165, 10176, 10185, 10196, 10207, 10220, 10230, 10247, 10272, 10282, 10292, 10306, 10314, 10324, 10337, 10349, 10358, 10372, 10383, 10394, 10413, 10100, 10110, 10124, 10148, 10173, 10182, 10193, 10204, 10213, 10227, 10241, 10280, 10288, 10302, 10311, 10332, 10344, 10367, 10380, 10407, 10420, 10105, 10117, 10128, 10142, 10153, 10166, 10177, 10185, 10197, 10208, 10221, 10232, 10248, 10261, 10273, 10283, 10293, 10306, 10315, 10326, 10337, 10350, 10372, 10383, 10396, 10414, 10103, 10114, 10126, 10140, 10150, 10164, 10175, 10183, 10194, 10207, 10217, 10229, 10245, 10259, 10270, 10281, 10291, 10305, 10313, 10323, 10334, 10347, 10357, 10370, 10382, 10411, 10425, 10103, 10113, 10126, 10140, 10150, 10164, 10174, 10183, 10194, 10206, 10215, 10229, 10245, 10258, 10270, 10281, 10291, 10304, 10312, 10324, 10348, 10358, 10370, 10382, 10411, 10424, 10108, 10122, 10135, 10146, 10169, 10180, 10191, 10211, 10225, 10238, 10252, 10264, 10276, 10287, 10299, 10310, 10319, 10330, 10342, 10355, 10363, 10378, 10390, 10110, 10124, 10148, 10161, 10173, 10182, 10193, 10204, 10213, 10227, 10241, 10267, 10279, 10288, 10302, 10311, 10332, 10344, 10367, 10380, 10407, 10420, 10110, 10124, 10148, 10161, 10172, 10182, 10192, 10204, 10212, 10226, 10241, 10267, 10279, 10288, 10301, 10311, 10321, 10332, 10344, 10367, 10380, 10407, 10420, 10104, 10115, 10127, 10141, 10152, 10165, 10176, 10184, 10195, 10207, 10220, 10230, 10246, 10259, 10271, 10282, 10292, 10305, 10314, 10324, 10336, 10349, 10358, 10371, 10383, 10394, 10412, 10425, 10107, 10120, 10134, 10145, 10168, 10180, 10188, 10211, 10223, 10237, 10251, 10263, 10275, 10285, 10299, 10309, 10318, 10329, 10339, 10362, 10374, 10389, 10403, 10417, 10110, 10123, 10137, 10148, 10161, 10172, 10181, 10192, 10204, 10212, 10226, 10241, 10266, 10278, 10288, 10301, 10311, 10321, 10332, 10343, 10367, 10379, 10407, 10420, 10106, 10120, 10133, 10145, 10168, 10210, 10223, 10235, 10250, 10262, 10275, 10284, 10297, 10308, 10316, 10328, 10339, 10353, 10374, 10386, 10398, 10401, 10416, 10101, 10110, 10124, 10149, 10173, 10182, 10193, 10205, 10214, 10227, 10243, 10280, 10288, 10304, 10312, 10322, 10332, 10344, 10356, 10367, 10380, 10391, 10409, 10420, 10107, 10120, 10134, 10145, 10158, 10168, 10180, 10188, 10210, 10223, 10236, 10250, 10263, 10275, 10285, 10297, 10308, 10318, 10329, 10340, 10363, 10375, 10389, 10402, 10416, 10105, 10117, 10129, 10142, 10153, 10167, 10177, 10185, 10197, 10208, 10221, 10232, 10248, 10261, 10273, 10283, 10293, 10306, 10315, 10326, 10337, 10350, 10372, 10396, 10414, 10101, 10110, 10124, 10149, 10173, 10182, 10193, 10205, 10214, 10227, 10244, 10255, 10280, 10289, 10304, 10312, 10322, 10332, 10345, 10356, 10367, 10380, 10391, 10421, 10103, 10114, 10126, 10140, 10151, 10165, 10175, 10184, 10194, 10207, 10217, 10229, 10246, 10259, 10271, 10281, 10291, 10305, 10313, 10324, 10334, 10348, 10358, 10371, 10382, 10412, 10425, 10108, 10121, 10135, 10145, 10169, 10180, 10190, 10211, 10224, 10237, 10252, 10264, 10276, 10285, 10299, 10309, 10319, 10330, 10341, 10355, 10363, 10375, 10390, 10403, 10110, 10124, 10148, 10161, 10172, 10182, 10192, 10204, 10212, 10227, 10241, 10267, 10279, 10288, 10302, 10311, 10321, 10332, 10346, 10368, 10380, 10407, 10420, 10104, 10114, 10127, 10141, 10151, 10165, 10175, 10184, 10195, 10207, 10219, 10229, 10246, 10259, 10271, 10281, 10292, 10305, 10314, 10324, 10335, 10349, 10358, 10371, 10383, 10394, 10412, 10425, 10106, 10119, 10131, 10143, 10155, 10167, 10178, 10186, 10198, 10222, 10249, 10262, 10274, 10284, 10296, 10307, 10316, 10328, 10339, 10351, 10373, 10386, 10398, 10400, 10415, 10110, 10124, 10148, 10161, 10173, 10182, 10192, 10204, 10213, 10227, 10241, 10267, 10279, 10288, 10302, 10311, 10332, 10346, 10368, 10380, 10407, 10420, 10109, 10122, 10135, 10147, 10171, 10181, 10192, 10203, 10212, 10225, 10239, 10253, 10266, 10278, 10287, 10301, 10310, 10321, 10331, 10342, 10355, 10367, 10378, 10390, 10405, 10419, 10105, 10119, 10129, 10142, 10154, 10167, 10177, 10185, 10197, 10208, 10222, 10233, 10248, 10261, 10273, 10283, 10295, 10306, 10315, 10326, 10339, 10350, 10373, 10396, 10414, 10110, 10124, 10148, 10161, 10172, 10182, 10192, 10204, 10212, 10227, 10241, 10267, 10279, 10288, 10302, 10311, 10321, 10332, 10346, 10368, 10380, 10407, 10420, 10108, 10122, 10135, 10147, 10169, 10181, 10191, 10203, 10211, 10225, 10238, 10253, 10266, 10276, 10287, 10300, 10310, 10320, 10331, 10342, 10355, 10363, 10378, 10390, 10419, 10106, 10119, 10131, 10143, 10155, 10167, 10178, 10186, 10198, 10222, 10249, 10262, 10274, 10284, 10296, 10307, 10316, 10328, 10339, 10351, 10361, 10373, 10386, 10398, 10400, 10415, 10110, 10124, 10148, 10161, 10172, 10182, 10192, 10204, 10212, 10226, 10241, 10267, 10279, 10288, 10301, 10311, 10321, 10332, 10346, 10368, 10380, 10407, 10420, 10105, 10119, 10129, 10143, 10155, 10167, 10178, 10186, 10197, 10222, 10248, 10262, 10273, 10283, 10296, 10307, 10316, 10326, 10339, 10350, 10373, 10385, 10396, 10400, 10414, 10108, 10122, 10135, 10147, 10170, 10181, 10192, 10203, 10212, 10225, 10239, 10253, 10266, 10278, 10287, 10301, 10310, 10321, 10331, 10342, 10355, 10363, 10378, 10390, 10405, 10419, 10106, 10119, 10131, 10143, 10155, 10168, 10178, 10198, 10210, 10222, 10235, 10250, 10262, 10275, 10284, 10296, 10308, 10316, 10328, 10339, 10351, 10361, 10373, 10386, 10398, 10401, 10416, 10100, 10110, 10124, 10149, 10173, 10182, 10193, 10204, 10214, 10227, 10242, 10280, 10288, 10303, 10312, 10332, 10346, 10368, 10380, 10408, 10420, 10104, 10115, 10127, 10141, 10152, 10165, 10176, 10184, 10195, 10207, 10220, 10230, 10246, 10271, 10282, 10292, 10305, 10314, 10325, 10336, 10349, 10359, 10371, 10383, 10394, 10412, 10103, 10126, 10139, 10149, 10163, 10173, 10183, 10193, 10206, 10215, 10228, 10244, 10257, 10269, 10280, 10290, 10304, 10312, 10324, 10348, 10358, 10369, 10382, 10423, 10106, 10120, 10133, 10145, 10168, 10210, 10223, 10235, 10250, 10263, 10275, 10284, 10297, 10308, 10317, 10328, 10340, 10353, 10361, 10375, 10386, 10398, 10401, 10416, 10108, 10122, 10135, 10147, 10169, 10180, 10191, 10211, 10225, 10238, 10252, 10264, 10276, 10287, 10299, 10310, 10319, 10331, 10343, 10355, 10363, 10378, 10390, 10103, 10114, 10126, 10140, 10151, 10164, 10175, 10184, 10194, 10207, 10217, 10229, 10245, 10259, 10270, 10281, 10291, 10305, 10313, 10324, 10335, 10348, 10358, 10371, 10382, 10411, 10425, 10107, 10120, 10133, 10145, 10168, 10188, 10210, 10223, 10235, 10250, 10263, 10275, 10285, 10297, 10308, 10318, 10329, 10340, 10353, 10363, 10375, 10387, 10401, 10416, 10108, 10122, 10135, 10145, 10169, 10180, 10190, 10211, 10224, 10237, 10252, 10264, 10276, 10285, 10299, 10310, 10319, 10331, 10343, 10355, 10364, 10378, 10390, 10403, 10104, 10114, 10127, 10141, 10151, 10165, 10175, 10184, 10195, 10207, 10219, 10229, 10246, 10259, 10271, 10281, 10292, 10305, 10313, 10325, 10335, 10349, 10359, 10371, 10383, 10394, 10412, 10425, 10104, 10116, 10127, 10142, 10152, 10165, 10176, 10184, 10195, 10207, 10220, 10230, 10247, 10272, 10282, 10292, 10306, 10314, 10325, 10336, 10350, 10359, 10371, 10383, 10394, 10413, 10103, 10113, 10126, 10140, 10150, 10164, 10175, 10183, 10194, 10206, 10217, 10229, 10245, 10258, 10270, 10281, 10291, 10304, 10313, 10324, 10348, 10358, 10370, 10382, 10411, 10424, 10106, 10120, 10133, 10144, 10168, 10210, 10223, 10235, 10250, 10262, 10275, 10284, 10297, 10308, 10316, 10328, 10340, 10353, 10361, 10375, 10388, 10398, 10401, 10416, 10108, 10121, 10135, 10145, 10169, 10180, 10190, 10211, 10224, 10237, 10252, 10264, 10276, 10285, 10299, 10309, 10319, 10331, 10341, 10355, 10365, 10375, 10390, 10403, 10106, 10120, 10133, 10143, 10156, 10168, 10199, 10210, 10223, 10235, 10250, 10262, 10275, 10284, 10296, 10308, 10316, 10328, 10340, 10353, 10361, 10375, 10388, 10398, 10401, 10416, 10104, 10115, 10127, 10141, 10151, 10165, 10176, 10184, 10195, 10207, 10220, 10230, 10246, 10259, 10271, 10282, 10292, 10305, 10314, 10325, 10336, 10350, 10359, 10371, 10383, 10395, 10412, 10425, 10104, 10117, 10127, 10142, 10153, 10165, 10176, 10185, 10196, 10208, 10220, 10230, 10247, 10272, 10282, 10292, 10306, 10314, 10325, 10337, 10350, 10359, 10372, 10383, 10395, 10413, 10108, 10121, 10135, 10145, 10169, 10180, 10190, 10211, 10224, 10237, 10252, 10264, 10276, 10285, 10299, 10309, 10319, 10331, 10341, 10356, 10365, 10375, 10390, 10403, 10105, 10119, 10129, 10142, 10153, 10167, 10177, 10185, 10197, 10208, 10222, 10233, 10248, 10261, 10273, 10283, 10295, 10306, 10315, 10326, 10339, 10350, 10373, 10385, 10396, 10414, 10106, 10120, 10133, 10143, 10156, 10168, 10199, 10210, 10223, 10235, 10250, 10262, 10275, 10284, 10296, 10308, 10316, 10328, 10340, 10353, 10361, 10375, 10388, 10398, 10401, 10416, 10105, 10117, 10128, 10142, 10153, 10166, 10177, 10185, 10196, 10208, 10221, 10232, 10248, 10273, 10282, 10293, 10306, 10314, 10327, 10337, 10350, 10372, 10397, 10414, 10106, 10119, 10131, 10143, 10155, 10167, 10178, 10186, 10197, 10222, 10249, 10262, 10274, 10283, 10296, 10307, 10316, 10328, 10339, 10352, 10361, 10373, 10386, 10398, 10400, 10415, 10106, 10120, 10131, 10143, 10155, 10168, 10178, 10198, 10210, 10222, 10235, 10250, 10262, 10275, 10284, 10296, 10308, 10316, 10328, 10340, 10352, 10361, 10375, 10386, 10398, 10401, 10416, 10105, 10119, 10129, 10143, 10154, 10167, 10177, 10185, 10197, 10208, 10222, 10233, 10248, 10261, 10273, 10283, 10295, 10306, 10316, 10327, 10339, 10350, 10373, 10386, 10397, 10414, 10103, 10114, 10126, 10140, 10150, 10164, 10175, 10183, 10194, 10206, 10217, 10229, 10245, 10258, 10270, 10281, 10291, 10304, 10313, 10324, 10336, 10348, 10358, 10371, 10382, 10411, 10424, 10106, 10120, 10133, 10145, 10168, 10188, 10210, 10223, 10235, 10250, 10263, 10275, 10285, 10297, 10308, 10318, 10328, 10340, 10353, 10361, 10375, 10388, 10398, 10401, 10416, 10106, 10120, 10143, 10155, 10168, 10199, 10210, 10223, 10235, 10250, 10262, 10275, 10284, 10296, 10308, 10316, 10328, 10341, 10353, 10361, 10375, 10386, 10398, 10401, 10416, 10105, 10118, 10129, 10142, 10153, 10167, 10177, 10185, 10197, 10208, 10222, 10232, 10248, 10261, 10273, 10283, 10295, 10306, 10315, 10327, 10337, 10350, 10373, 10386, 10397, 10414, 10105, 10117, 10129, 10142, 10153, 10167, 10177, 10185, 10197, 10208, 10222, 10232, 10248, 10261, 10273, 10283, 10294, 10306, 10315, 10327, 10337, 10350, 10373, 10386, 10397, 10414, 10106, 10119, 10131, 10143, 10155, 10168, 10178, 10198, 10210, 10222, 10235, 10250, 10262, 10275, 10284, 10296, 10308, 10316, 10328, 10339, 10352, 10361, 10373, 10386, 10398, 10401, 10416, 10106, 10119, 10131, 10143, 10155, 10167, 10178, 10186, 10197, 10222, 10249, 10262, 10274, 10283, 10296, 10307, 10316, 10329, 10339, 10352, 10361, 10373, 10386, 10398, 10400, 10415, 10105, 10117, 10129, 10142, 10153, 10167, 10177, 10185, 10197, 10208, 10222, 10232, 10248, 10261, 10273, 10283, 10293, 10306, 10315, 10327, 10337, 10350, 10373, 10386, 10397, 10414]
[2025-09-22T01:20:56.633+0000] {taskinstance.py:1902} ERROR - Task failed with exception
Traceback (most recent call last):
  File "/home/airflow/.local/lib/python3.7/site-packages/pandas/core/internals/construction.py", line 906, in _finalize_columns_and_data
    columns = _validate_or_indexify_columns(contents, columns)
  File "/home/airflow/.local/lib/python3.7/site-packages/pandas/core/internals/construction.py", line 955, in _validate_or_indexify_columns
    f"{len(columns)} columns passed, passed data had "
AssertionError: 2747 columns passed, passed data had 20 columns

The above exception was the direct cause of the following exception:

Traceback (most recent call last):
  File "/home/airflow/.local/lib/python3.7/site-packages/airflow/operators/python.py", line 171, in execute
    return_value = self.execute_callable()
  File "/home/airflow/.local/lib/python3.7/site-packages/airflow/operators/python.py", line 189, in execute_callable
    return self.python_callable(*self.op_args, **self.op_kwargs)
  File "/opt/airflow/dags/dag.py", line 33, in dataCleaning
    df = pd.DataFrame(data, columns=columnNames)
  File "/home/airflow/.local/lib/python3.7/site-packages/pandas/core/frame.py", line 700, in __init__
    dtype,
  File "/home/airflow/.local/lib/python3.7/site-packages/pandas/core/internals/construction.py", line 483, in nested_data_to_arrays
    arrays, columns = to_arrays(data, columns, dtype=dtype)
  File "/home/airflow/.local/lib/python3.7/site-packages/pandas/core/internals/construction.py", line 807, in to_arrays
    content, columns = _finalize_columns_and_data(arr, columns, dtype)
  File "/home/airflow/.local/lib/python3.7/site-packages/pandas/core/internals/construction.py", line 909, in _finalize_columns_and_data
    raise ValueError(err) from err
ValueError: 2747 columns passed, passed data had 20 columns
[2025-09-22T01:20:56.673+0000] {taskinstance.py:1412} INFO - Marking task as FAILED. dag_id=sql_to_elastic, task_id=dataCleaning, execution_date=20250922T012048, start_date=20250922T012055, end_date=20250922T012056
[2025-09-22T01:20:56.694+0000] {standard_task_runner.py:97} ERROR - Failed to execute job 13 for task dataCleaning (2747 columns passed, passed data had 20 columns; 278)
[2025-09-22T01:20:56.745+0000] {local_task_job.py:156} INFO - Task exited with return code 1
[2025-09-22T01:20:56.880+0000] {local_task_job.py:279} INFO - 0 downstream tasks scheduled from follow-on schedule check
