[2025-09-22T01:33:20.616+0000] {taskinstance.py:1171} INFO - Dependencies all met for <TaskInstance: sql_to_elastic.saveToElastic scheduled__2025-09-20T09:30:00+00:00 [None]>
[2025-09-22T01:33:21.086+0000] {taskinstance.py:1171} INFO - Dependencies all met for <TaskInstance: sql_to_elastic.saveToElastic scheduled__2025-09-20T09:30:00+00:00 [None]>
[2025-09-22T01:33:21.090+0000] {taskinstance.py:1368} INFO - 
--------------------------------------------------------------------------------
[2025-09-22T01:33:21.102+0000] {taskinstance.py:1369} INFO - Starting attempt 1 of 1
[2025-09-22T01:33:21.103+0000] {taskinstance.py:1370} INFO - 
--------------------------------------------------------------------------------
[2025-09-22T01:59:08.012+0000] {taskinstance.py:1171} INFO - Dependencies all met for <TaskInstance: sql_to_elastic.saveToElastic scheduled__2025-09-20T09:30:00+00:00 [queued]>
[2025-09-22T01:59:08.060+0000] {taskinstance.py:1171} INFO - Dependencies all met for <TaskInstance: sql_to_elastic.saveToElastic scheduled__2025-09-20T09:30:00+00:00 [queued]>
[2025-09-22T01:59:08.060+0000] {taskinstance.py:1368} INFO - 
--------------------------------------------------------------------------------
[2025-09-22T01:59:08.061+0000] {taskinstance.py:1369} INFO - Starting attempt 1 of 1
[2025-09-22T01:59:08.061+0000] {taskinstance.py:1370} INFO - 
--------------------------------------------------------------------------------
[2025-09-22T01:59:08.129+0000] {taskinstance.py:1389} INFO - Executing <Task(PythonOperator): saveToElastic> on 2025-09-20 09:30:00+00:00
[2025-09-22T01:59:08.146+0000] {standard_task_runner.py:52} INFO - Started process 199 to run task
[2025-09-22T01:59:08.159+0000] {standard_task_runner.py:79} INFO - Running: ['***', 'tasks', 'run', 'sql_to_elastic', 'saveToElastic', 'scheduled__2025-09-20T09:30:00+00:00', '--job-id', '53', '--raw', '--subdir', 'DAGS_FOLDER/etl_pg_to_es.py', '--cfg-path', '/tmp/tmplt8cxaq2', '--error-file', '/tmp/tmp6meraml3']
[2025-09-22T01:59:08.165+0000] {standard_task_runner.py:80} INFO - Job 53: Subtask saveToElastic
[2025-09-22T01:59:08.527+0000] {task_command.py:371} INFO - Running <TaskInstance: sql_to_elastic.saveToElastic scheduled__2025-09-20T09:30:00+00:00 [running]> on host 35923338c7a6
[2025-09-22T01:59:08.946+0000] {taskinstance.py:1583} INFO - Exporting the following env vars:
AIRFLOW_CTX_DAG_OWNER=***
AIRFLOW_CTX_DAG_ID=sql_to_elastic
AIRFLOW_CTX_TASK_ID=saveToElastic
AIRFLOW_CTX_EXECUTION_DATE=2025-09-20T09:30:00+00:00
AIRFLOW_CTX_TRY_NUMBER=1
AIRFLOW_CTX_DAG_RUN_ID=scheduled__2025-09-20T09:30:00+00:00
[2025-09-22T01:59:09.678+0000] {base.py:271} INFO - POST http://elasticsearch:9200/auto_sales_dataset/_doc [status:201 request:0.468s]
[2025-09-22T01:59:09.699+0000] {base.py:271} INFO - POST http://elasticsearch:9200/auto_sales_dataset/_doc [status:201 request:0.016s]
[2025-09-22T01:59:09.721+0000] {base.py:271} INFO - POST http://elasticsearch:9200/auto_sales_dataset/_doc [status:201 request:0.020s]
[2025-09-22T01:59:09.738+0000] {base.py:271} INFO - POST http://elasticsearch:9200/auto_sales_dataset/_doc [status:201 request:0.016s]
[2025-09-22T01:59:09.774+0000] {base.py:271} INFO - POST http://elasticsearch:9200/auto_sales_dataset/_doc [status:201 request:0.034s]
[2025-09-22T01:59:09.790+0000] {base.py:271} INFO - POST http://elasticsearch:9200/auto_sales_dataset/_doc [status:201 request:0.014s]
[2025-09-22T01:59:09.801+0000] {base.py:271} INFO - POST http://elasticsearch:9200/auto_sales_dataset/_doc [status:201 request:0.010s]
[2025-09-22T01:59:09.835+0000] {base.py:271} INFO - POST http://elasticsearch:9200/auto_sales_dataset/_doc [status:201 request:0.032s]
[2025-09-22T01:59:09.846+0000] {base.py:271} INFO - POST http://elasticsearch:9200/auto_sales_dataset/_doc [status:201 request:0.010s]
[2025-09-22T01:59:09.857+0000] {base.py:271} INFO - POST http://elasticsearch:9200/auto_sales_dataset/_doc [status:201 request:0.009s]
[2025-09-22T01:59:09.867+0000] {base.py:271} INFO - POST http://elasticsearch:9200/auto_sales_dataset/_doc [status:201 request:0.009s]
[2025-09-22T01:59:09.893+0000] {base.py:271} INFO - POST http://elasticsearch:9200/auto_sales_dataset/_doc [status:201 request:0.022s]
[2025-09-22T01:59:09.914+0000] {base.py:271} INFO - POST http://elasticsearch:9200/auto_sales_dataset/_doc [status:201 request:0.015s]
[2025-09-22T01:59:09.943+0000] {base.py:271} INFO - POST http://elasticsearch:9200/auto_sales_dataset/_doc [status:201 request:0.024s]
[2025-09-22T01:59:09.955+0000] {base.py:271} INFO - POST http://elasticsearch:9200/auto_sales_dataset/_doc [status:201 request:0.008s]
[2025-09-22T01:59:09.986+0000] {base.py:271} INFO - POST http://elasticsearch:9200/auto_sales_dataset/_doc [status:201 request:0.029s]
[2025-09-22T01:59:09.997+0000] {base.py:271} INFO - POST http://elasticsearch:9200/auto_sales_dataset/_doc [status:201 request:0.008s]
[2025-09-22T01:59:10.020+0000] {base.py:271} INFO - POST http://elasticsearch:9200/auto_sales_dataset/_doc [status:201 request:0.021s]
[2025-09-22T01:59:10.062+0000] {base.py:271} INFO - POST http://elasticsearch:9200/auto_sales_dataset/_doc [status:201 request:0.038s]
[2025-09-22T01:59:10.131+0000] {base.py:271} INFO - POST http://elasticsearch:9200/auto_sales_dataset/_doc [status:201 request:0.066s]
[2025-09-22T01:59:10.168+0000] {base.py:271} INFO - POST http://elasticsearch:9200/auto_sales_dataset/_doc [status:201 request:0.026s]
[2025-09-22T01:59:10.219+0000] {base.py:271} INFO - POST http://elasticsearch:9200/auto_sales_dataset/_doc [status:201 request:0.045s]
[2025-09-22T01:59:10.311+0000] {base.py:271} INFO - POST http://elasticsearch:9200/auto_sales_dataset/_doc [status:201 request:0.083s]
[2025-09-22T01:59:10.461+0000] {base.py:271} INFO - POST http://elasticsearch:9200/auto_sales_dataset/_doc [status:201 request:0.139s]
[2025-09-22T01:59:10.607+0000] {base.py:271} INFO - POST http://elasticsearch:9200/auto_sales_dataset/_doc [status:201 request:0.108s]
[2025-09-22T01:59:10.696+0000] {base.py:271} INFO - POST http://elasticsearch:9200/auto_sales_dataset/_doc [status:201 request:0.085s]
[2025-09-22T01:59:10.743+0000] {base.py:271} INFO - POST http://elasticsearch:9200/auto_sales_dataset/_doc [status:201 request:0.042s]
[2025-09-22T01:59:10.817+0000] {base.py:271} INFO - POST http://elasticsearch:9200/auto_sales_dataset/_doc [status:201 request:0.068s]
[2025-09-22T01:59:10.914+0000] {base.py:271} INFO - POST http://elasticsearch:9200/auto_sales_dataset/_doc [status:201 request:0.087s]
[2025-09-22T01:59:11.010+0000] {base.py:271} INFO - POST http://elasticsearch:9200/auto_sales_dataset/_doc [status:201 request:0.090s]
[2025-09-22T01:59:11.073+0000] {base.py:271} INFO - POST http://elasticsearch:9200/auto_sales_dataset/_doc [status:201 request:0.045s]
[2025-09-22T01:59:11.125+0000] {base.py:271} INFO - POST http://elasticsearch:9200/auto_sales_dataset/_doc [status:201 request:0.046s]
[2025-09-22T01:59:11.194+0000] {base.py:271} INFO - POST http://elasticsearch:9200/auto_sales_dataset/_doc [status:201 request:0.065s]
[2025-09-22T01:59:11.295+0000] {base.py:271} INFO - POST http://elasticsearch:9200/auto_sales_dataset/_doc [status:201 request:0.059s]
[2025-09-22T01:59:11.476+0000] {base.py:271} INFO - POST http://elasticsearch:9200/auto_sales_dataset/_doc [status:201 request:0.140s]
[2025-09-22T01:59:11.530+0000] {base.py:271} INFO - POST http://elasticsearch:9200/auto_sales_dataset/_doc [status:201 request:0.047s]
[2025-09-22T01:59:11.598+0000] {base.py:271} INFO - POST http://elasticsearch:9200/auto_sales_dataset/_doc [status:201 request:0.066s]
[2025-09-22T01:59:11.648+0000] {base.py:271} INFO - POST http://elasticsearch:9200/auto_sales_dataset/_doc [status:201 request:0.046s]
[2025-09-22T01:59:11.695+0000] {base.py:271} INFO - POST http://elasticsearch:9200/auto_sales_dataset/_doc [status:201 request:0.044s]
[2025-09-22T01:59:11.734+0000] {base.py:271} INFO - POST http://elasticsearch:9200/auto_sales_dataset/_doc [status:201 request:0.036s]
[2025-09-22T01:59:11.762+0000] {base.py:271} INFO - POST http://elasticsearch:9200/auto_sales_dataset/_doc [status:201 request:0.026s]
[2025-09-22T01:59:11.795+0000] {base.py:271} INFO - POST http://elasticsearch:9200/auto_sales_dataset/_doc [status:201 request:0.031s]
[2025-09-22T01:59:11.808+0000] {base.py:271} INFO - POST http://elasticsearch:9200/auto_sales_dataset/_doc [status:201 request:0.011s]
[2025-09-22T01:59:11.845+0000] {base.py:271} INFO - POST http://elasticsearch:9200/auto_sales_dataset/_doc [status:201 request:0.032s]
[2025-09-22T01:59:11.877+0000] {base.py:271} INFO - POST http://elasticsearch:9200/auto_sales_dataset/_doc [status:201 request:0.027s]
[2025-09-22T01:59:11.896+0000] {base.py:271} INFO - POST http://elasticsearch:9200/auto_sales_dataset/_doc [status:201 request:0.017s]
[2025-09-22T01:59:11.916+0000] {base.py:271} INFO - POST http://elasticsearch:9200/auto_sales_dataset/_doc [status:201 request:0.015s]
[2025-09-22T01:59:11.933+0000] {base.py:271} INFO - POST http://elasticsearch:9200/auto_sales_dataset/_doc [status:201 request:0.015s]
[2025-09-22T01:59:11.956+0000] {base.py:271} INFO - POST http://elasticsearch:9200/auto_sales_dataset/_doc [status:201 request:0.020s]
[2025-09-22T01:59:11.969+0000] {base.py:271} INFO - POST http://elasticsearch:9200/auto_sales_dataset/_doc [status:201 request:0.011s]
[2025-09-22T01:59:11.992+0000] {base.py:271} INFO - POST http://elasticsearch:9200/auto_sales_dataset/_doc [status:201 request:0.021s]
[2025-09-22T01:59:12.009+0000] {base.py:271} INFO - POST http://elasticsearch:9200/auto_sales_dataset/_doc [status:201 request:0.015s]
[2025-09-22T01:59:12.027+0000] {base.py:271} INFO - POST http://elasticsearch:9200/auto_sales_dataset/_doc [status:201 request:0.015s]
[2025-09-22T01:59:12.045+0000] {base.py:271} INFO - POST http://elasticsearch:9200/auto_sales_dataset/_doc [status:201 request:0.016s]
[2025-09-22T01:59:12.063+0000] {base.py:271} INFO - POST http://elasticsearch:9200/auto_sales_dataset/_doc [status:201 request:0.015s]
[2025-09-22T01:59:12.101+0000] {base.py:271} INFO - POST http://elasticsearch:9200/auto_sales_dataset/_doc [status:201 request:0.036s]
[2025-09-22T01:59:12.144+0000] {base.py:271} INFO - POST http://elasticsearch:9200/auto_sales_dataset/_doc [status:201 request:0.036s]
[2025-09-22T01:59:12.159+0000] {base.py:271} INFO - POST http://elasticsearch:9200/auto_sales_dataset/_doc [status:201 request:0.012s]
[2025-09-22T01:59:12.176+0000] {base.py:271} INFO - POST http://elasticsearch:9200/auto_sales_dataset/_doc [status:201 request:0.015s]
[2025-09-22T01:59:12.197+0000] {base.py:271} INFO - POST http://elasticsearch:9200/auto_sales_dataset/_doc [status:201 request:0.019s]
[2025-09-22T01:59:12.213+0000] {base.py:271} INFO - POST http://elasticsearch:9200/auto_sales_dataset/_doc [status:201 request:0.014s]
[2025-09-22T01:59:12.250+0000] {base.py:271} INFO - POST http://elasticsearch:9200/auto_sales_dataset/_doc [status:201 request:0.033s]
[2025-09-22T01:59:12.261+0000] {base.py:271} INFO - POST http://elasticsearch:9200/auto_sales_dataset/_doc [status:201 request:0.010s]
[2025-09-22T01:59:12.277+0000] {base.py:271} INFO - POST http://elasticsearch:9200/auto_sales_dataset/_doc [status:201 request:0.015s]
[2025-09-22T01:59:12.302+0000] {base.py:271} INFO - POST http://elasticsearch:9200/auto_sales_dataset/_doc [status:201 request:0.022s]
[2025-09-22T01:59:12.318+0000] {base.py:271} INFO - POST http://elasticsearch:9200/auto_sales_dataset/_doc [status:201 request:0.012s]
[2025-09-22T01:59:12.332+0000] {base.py:271} INFO - POST http://elasticsearch:9200/auto_sales_dataset/_doc [status:201 request:0.013s]
[2025-09-22T01:59:12.345+0000] {base.py:271} INFO - POST http://elasticsearch:9200/auto_sales_dataset/_doc [status:201 request:0.010s]
[2025-09-22T01:59:12.364+0000] {base.py:271} INFO - POST http://elasticsearch:9200/auto_sales_dataset/_doc [status:201 request:0.016s]
[2025-09-22T01:59:12.375+0000] {base.py:271} INFO - POST http://elasticsearch:9200/auto_sales_dataset/_doc [status:201 request:0.009s]
[2025-09-22T01:59:12.384+0000] {base.py:271} INFO - POST http://elasticsearch:9200/auto_sales_dataset/_doc [status:201 request:0.008s]
[2025-09-22T01:59:12.397+0000] {base.py:271} INFO - POST http://elasticsearch:9200/auto_sales_dataset/_doc [status:201 request:0.011s]
[2025-09-22T01:59:12.414+0000] {base.py:271} INFO - POST http://elasticsearch:9200/auto_sales_dataset/_doc [status:201 request:0.015s]
[2025-09-22T01:59:12.428+0000] {base.py:271} INFO - POST http://elasticsearch:9200/auto_sales_dataset/_doc [status:201 request:0.013s]
[2025-09-22T01:59:12.460+0000] {base.py:271} INFO - POST http://elasticsearch:9200/auto_sales_dataset/_doc [status:201 request:0.029s]
[2025-09-22T01:59:12.479+0000] {base.py:271} INFO - POST http://elasticsearch:9200/auto_sales_dataset/_doc [status:201 request:0.018s]
[2025-09-22T01:59:12.500+0000] {base.py:271} INFO - POST http://elasticsearch:9200/auto_sales_dataset/_doc [status:201 request:0.019s]
[2025-09-22T01:59:12.518+0000] {base.py:271} INFO - POST http://elasticsearch:9200/auto_sales_dataset/_doc [status:201 request:0.012s]
[2025-09-22T01:59:12.531+0000] {base.py:271} INFO - POST http://elasticsearch:9200/auto_sales_dataset/_doc [status:201 request:0.012s]
[2025-09-22T01:59:12.551+0000] {base.py:271} INFO - POST http://elasticsearch:9200/auto_sales_dataset/_doc [status:201 request:0.016s]
[2025-09-22T01:59:12.569+0000] {base.py:271} INFO - POST http://elasticsearch:9200/auto_sales_dataset/_doc [status:201 request:0.013s]
[2025-09-22T01:59:12.601+0000] {base.py:271} INFO - POST http://elasticsearch:9200/auto_sales_dataset/_doc [status:201 request:0.030s]
[2025-09-22T01:59:12.612+0000] {base.py:271} INFO - POST http://elasticsearch:9200/auto_sales_dataset/_doc [status:201 request:0.010s]
[2025-09-22T01:59:12.627+0000] {base.py:271} INFO - POST http://elasticsearch:9200/auto_sales_dataset/_doc [status:201 request:0.014s]
[2025-09-22T01:59:12.641+0000] {base.py:271} INFO - POST http://elasticsearch:9200/auto_sales_dataset/_doc [status:201 request:0.009s]
[2025-09-22T01:59:12.657+0000] {base.py:271} INFO - POST http://elasticsearch:9200/auto_sales_dataset/_doc [status:201 request:0.015s]
[2025-09-22T01:59:12.680+0000] {base.py:271} INFO - POST http://elasticsearch:9200/auto_sales_dataset/_doc [status:201 request:0.021s]
[2025-09-22T01:59:12.712+0000] {base.py:271} INFO - POST http://elasticsearch:9200/auto_sales_dataset/_doc [status:201 request:0.029s]
[2025-09-22T01:59:12.733+0000] {base.py:271} INFO - POST http://elasticsearch:9200/auto_sales_dataset/_doc [status:201 request:0.016s]
[2025-09-22T01:59:12.749+0000] {base.py:271} INFO - POST http://elasticsearch:9200/auto_sales_dataset/_doc [status:201 request:0.015s]
[2025-09-22T01:59:12.762+0000] {base.py:271} INFO - POST http://elasticsearch:9200/auto_sales_dataset/_doc [status:201 request:0.012s]
[2025-09-22T01:59:12.772+0000] {base.py:271} INFO - POST http://elasticsearch:9200/auto_sales_dataset/_doc [status:201 request:0.008s]
[2025-09-22T01:59:12.783+0000] {base.py:271} INFO - POST http://elasticsearch:9200/auto_sales_dataset/_doc [status:201 request:0.009s]
[2025-09-22T01:59:12.803+0000] {base.py:271} INFO - POST http://elasticsearch:9200/auto_sales_dataset/_doc [status:201 request:0.019s]
[2025-09-22T01:59:12.827+0000] {base.py:271} INFO - POST http://elasticsearch:9200/auto_sales_dataset/_doc [status:201 request:0.020s]
[2025-09-22T01:59:12.852+0000] {base.py:271} INFO - POST http://elasticsearch:9200/auto_sales_dataset/_doc [status:201 request:0.008s]
[2025-09-22T01:59:12.881+0000] {base.py:271} INFO - POST http://elasticsearch:9200/auto_sales_dataset/_doc [status:201 request:0.017s]
[2025-09-22T01:59:12.901+0000] {base.py:271} INFO - POST http://elasticsearch:9200/auto_sales_dataset/_doc [status:201 request:0.016s]
[2025-09-22T01:59:12.915+0000] {base.py:271} INFO - POST http://elasticsearch:9200/auto_sales_dataset/_doc [status:201 request:0.013s]
[2025-09-22T01:59:12.935+0000] {base.py:271} INFO - POST http://elasticsearch:9200/auto_sales_dataset/_doc [status:201 request:0.019s]
[2025-09-22T01:59:13.024+0000] {base.py:271} INFO - POST http://elasticsearch:9200/auto_sales_dataset/_doc [status:201 request:0.086s]
[2025-09-22T01:59:13.036+0000] {base.py:271} INFO - POST http://elasticsearch:9200/auto_sales_dataset/_doc [status:201 request:0.010s]
[2025-09-22T01:59:13.051+0000] {base.py:271} INFO - POST http://elasticsearch:9200/auto_sales_dataset/_doc [status:201 request:0.009s]
[2025-09-22T01:59:13.091+0000] {base.py:271} INFO - POST http://elasticsearch:9200/auto_sales_dataset/_doc [status:201 request:0.034s]
[2025-09-22T01:59:13.109+0000] {base.py:271} INFO - POST http://elasticsearch:9200/auto_sales_dataset/_doc [status:201 request:0.017s]
[2025-09-22T01:59:13.128+0000] {base.py:271} INFO - POST http://elasticsearch:9200/auto_sales_dataset/_doc [status:201 request:0.018s]
[2025-09-22T01:59:13.153+0000] {base.py:271} INFO - POST http://elasticsearch:9200/auto_sales_dataset/_doc [status:201 request:0.017s]
[2025-09-22T01:59:13.254+0000] {base.py:271} INFO - POST http://elasticsearch:9200/auto_sales_dataset/_doc [status:201 request:0.090s]
[2025-09-22T01:59:13.372+0000] {base.py:271} INFO - POST http://elasticsearch:9200/auto_sales_dataset/_doc [status:201 request:0.086s]
[2025-09-22T01:59:13.432+0000] {base.py:271} INFO - POST http://elasticsearch:9200/auto_sales_dataset/_doc [status:201 request:0.049s]
[2025-09-22T01:59:13.485+0000] {base.py:271} INFO - POST http://elasticsearch:9200/auto_sales_dataset/_doc [status:201 request:0.040s]
[2025-09-22T01:59:13.546+0000] {base.py:271} INFO - POST http://elasticsearch:9200/auto_sales_dataset/_doc [status:201 request:0.048s]
[2025-09-22T01:59:13.600+0000] {base.py:271} INFO - POST http://elasticsearch:9200/auto_sales_dataset/_doc [status:201 request:0.049s]
[2025-09-22T01:59:13.627+0000] {base.py:271} INFO - POST http://elasticsearch:9200/auto_sales_dataset/_doc [status:201 request:0.021s]
[2025-09-22T01:59:13.666+0000] {base.py:271} INFO - POST http://elasticsearch:9200/auto_sales_dataset/_doc [status:201 request:0.037s]
[2025-09-22T01:59:13.761+0000] {base.py:271} INFO - POST http://elasticsearch:9200/auto_sales_dataset/_doc [status:201 request:0.085s]
[2025-09-22T01:59:13.810+0000] {base.py:271} INFO - POST http://elasticsearch:9200/auto_sales_dataset/_doc [status:201 request:0.034s]
[2025-09-22T01:59:13.829+0000] {base.py:271} INFO - POST http://elasticsearch:9200/auto_sales_dataset/_doc [status:201 request:0.017s]
[2025-09-22T01:59:13.889+0000] {base.py:271} INFO - POST http://elasticsearch:9200/auto_sales_dataset/_doc [status:201 request:0.055s]
[2025-09-22T01:59:13.950+0000] {base.py:271} INFO - POST http://elasticsearch:9200/auto_sales_dataset/_doc [status:201 request:0.052s]
[2025-09-22T01:59:14.015+0000] {base.py:271} INFO - POST http://elasticsearch:9200/auto_sales_dataset/_doc [status:201 request:0.052s]
[2025-09-22T01:59:14.250+0000] {base.py:271} INFO - POST http://elasticsearch:9200/auto_sales_dataset/_doc [status:201 request:0.178s]
[2025-09-22T01:59:14.340+0000] {base.py:271} INFO - POST http://elasticsearch:9200/auto_sales_dataset/_doc [status:201 request:0.064s]
[2025-09-22T01:59:14.508+0000] {base.py:271} INFO - POST http://elasticsearch:9200/auto_sales_dataset/_doc [status:201 request:0.163s]
[2025-09-22T01:59:14.564+0000] {base.py:271} INFO - POST http://elasticsearch:9200/auto_sales_dataset/_doc [status:201 request:0.040s]
[2025-09-22T01:59:14.765+0000] {base.py:271} INFO - POST http://elasticsearch:9200/auto_sales_dataset/_doc [status:201 request:0.187s]
[2025-09-22T01:59:14.918+0000] {base.py:271} INFO - POST http://elasticsearch:9200/auto_sales_dataset/_doc [status:201 request:0.139s]
[2025-09-22T01:59:15.034+0000] {base.py:271} INFO - POST http://elasticsearch:9200/auto_sales_dataset/_doc [status:201 request:0.095s]
[2025-09-22T01:59:15.074+0000] {base.py:271} INFO - POST http://elasticsearch:9200/auto_sales_dataset/_doc [status:201 request:0.032s]
[2025-09-22T01:59:15.105+0000] {base.py:271} INFO - POST http://elasticsearch:9200/auto_sales_dataset/_doc [status:201 request:0.029s]
[2025-09-22T01:59:15.140+0000] {base.py:271} INFO - POST http://elasticsearch:9200/auto_sales_dataset/_doc [status:201 request:0.032s]
[2025-09-22T01:59:15.182+0000] {base.py:271} INFO - POST http://elasticsearch:9200/auto_sales_dataset/_doc [status:201 request:0.039s]
[2025-09-22T01:59:15.289+0000] {base.py:271} INFO - POST http://elasticsearch:9200/auto_sales_dataset/_doc [status:201 request:0.088s]
[2025-09-22T01:59:15.331+0000] {base.py:271} INFO - POST http://elasticsearch:9200/auto_sales_dataset/_doc [status:201 request:0.039s]
[2025-09-22T01:59:15.379+0000] {base.py:271} INFO - POST http://elasticsearch:9200/auto_sales_dataset/_doc [status:201 request:0.044s]
[2025-09-22T01:59:15.445+0000] {base.py:271} INFO - POST http://elasticsearch:9200/auto_sales_dataset/_doc [status:201 request:0.054s]
[2025-09-22T01:59:15.759+0000] {base.py:271} INFO - POST http://elasticsearch:9200/auto_sales_dataset/_doc [status:201 request:0.275s]
[2025-09-22T01:59:15.941+0000] {base.py:271} INFO - POST http://elasticsearch:9200/auto_sales_dataset/_doc [status:201 request:0.145s]
[2025-09-22T01:59:15.984+0000] {base.py:271} INFO - POST http://elasticsearch:9200/auto_sales_dataset/_doc [status:201 request:0.039s]
[2025-09-22T01:59:16.025+0000] {base.py:271} INFO - POST http://elasticsearch:9200/auto_sales_dataset/_doc [status:201 request:0.029s]
[2025-09-22T01:59:16.062+0000] {base.py:271} INFO - POST http://elasticsearch:9200/auto_sales_dataset/_doc [status:201 request:0.033s]
[2025-09-22T01:59:16.175+0000] {base.py:271} INFO - POST http://elasticsearch:9200/auto_sales_dataset/_doc [status:201 request:0.106s]
[2025-09-22T01:59:16.200+0000] {base.py:271} INFO - POST http://elasticsearch:9200/auto_sales_dataset/_doc [status:201 request:0.021s]
[2025-09-22T01:59:16.229+0000] {base.py:271} INFO - POST http://elasticsearch:9200/auto_sales_dataset/_doc [status:201 request:0.024s]
[2025-09-22T01:59:16.255+0000] {base.py:271} INFO - POST http://elasticsearch:9200/auto_sales_dataset/_doc [status:201 request:0.024s]
[2025-09-22T01:59:16.279+0000] {base.py:271} INFO - POST http://elasticsearch:9200/auto_sales_dataset/_doc [status:201 request:0.016s]
[2025-09-22T01:59:16.359+0000] {base.py:271} INFO - POST http://elasticsearch:9200/auto_sales_dataset/_doc [status:201 request:0.067s]
[2025-09-22T01:59:16.400+0000] {base.py:271} INFO - POST http://elasticsearch:9200/auto_sales_dataset/_doc [status:201 request:0.037s]
[2025-09-22T01:59:16.428+0000] {base.py:271} INFO - POST http://elasticsearch:9200/auto_sales_dataset/_doc [status:201 request:0.023s]
[2025-09-22T01:59:16.466+0000] {base.py:271} INFO - POST http://elasticsearch:9200/auto_sales_dataset/_doc [status:201 request:0.035s]
[2025-09-22T01:59:16.527+0000] {base.py:271} INFO - POST http://elasticsearch:9200/auto_sales_dataset/_doc [status:201 request:0.056s]
[2025-09-22T01:59:16.577+0000] {base.py:271} INFO - POST http://elasticsearch:9200/auto_sales_dataset/_doc [status:201 request:0.048s]
[2025-09-22T01:59:16.631+0000] {base.py:271} INFO - POST http://elasticsearch:9200/auto_sales_dataset/_doc [status:201 request:0.048s]
[2025-09-22T01:59:16.679+0000] {base.py:271} INFO - POST http://elasticsearch:9200/auto_sales_dataset/_doc [status:201 request:0.045s]
[2025-09-22T01:59:16.708+0000] {base.py:271} INFO - POST http://elasticsearch:9200/auto_sales_dataset/_doc [status:201 request:0.025s]
[2025-09-22T01:59:16.730+0000] {base.py:271} INFO - POST http://elasticsearch:9200/auto_sales_dataset/_doc [status:201 request:0.020s]
[2025-09-22T01:59:16.747+0000] {base.py:271} INFO - POST http://elasticsearch:9200/auto_sales_dataset/_doc [status:201 request:0.014s]
[2025-09-22T01:59:16.759+0000] {base.py:271} INFO - POST http://elasticsearch:9200/auto_sales_dataset/_doc [status:201 request:0.011s]
[2025-09-22T01:59:16.770+0000] {base.py:271} INFO - POST http://elasticsearch:9200/auto_sales_dataset/_doc [status:201 request:0.010s]
[2025-09-22T01:59:16.797+0000] {base.py:271} INFO - POST http://elasticsearch:9200/auto_sales_dataset/_doc [status:201 request:0.024s]
[2025-09-22T01:59:16.823+0000] {base.py:271} INFO - POST http://elasticsearch:9200/auto_sales_dataset/_doc [status:201 request:0.018s]
[2025-09-22T01:59:16.839+0000] {base.py:271} INFO - POST http://elasticsearch:9200/auto_sales_dataset/_doc [status:201 request:0.015s]
[2025-09-22T01:59:16.865+0000] {base.py:271} INFO - POST http://elasticsearch:9200/auto_sales_dataset/_doc [status:201 request:0.024s]
[2025-09-22T01:59:16.883+0000] {base.py:271} INFO - POST http://elasticsearch:9200/auto_sales_dataset/_doc [status:201 request:0.014s]
[2025-09-22T01:59:16.924+0000] {base.py:271} INFO - POST http://elasticsearch:9200/auto_sales_dataset/_doc [status:201 request:0.034s]
[2025-09-22T01:59:16.941+0000] {base.py:271} INFO - POST http://elasticsearch:9200/auto_sales_dataset/_doc [status:201 request:0.015s]
[2025-09-22T01:59:16.951+0000] {base.py:271} INFO - POST http://elasticsearch:9200/auto_sales_dataset/_doc [status:201 request:0.008s]
[2025-09-22T01:59:16.965+0000] {base.py:271} INFO - POST http://elasticsearch:9200/auto_sales_dataset/_doc [status:201 request:0.013s]
[2025-09-22T01:59:17.007+0000] {base.py:271} INFO - POST http://elasticsearch:9200/auto_sales_dataset/_doc [status:201 request:0.040s]
[2025-09-22T01:59:17.034+0000] {base.py:271} INFO - POST http://elasticsearch:9200/auto_sales_dataset/_doc [status:201 request:0.025s]
[2025-09-22T01:59:17.079+0000] {base.py:271} INFO - POST http://elasticsearch:9200/auto_sales_dataset/_doc [status:201 request:0.040s]
[2025-09-22T01:59:17.098+0000] {base.py:271} INFO - POST http://elasticsearch:9200/auto_sales_dataset/_doc [status:201 request:0.016s]
[2025-09-22T01:59:17.115+0000] {base.py:271} INFO - POST http://elasticsearch:9200/auto_sales_dataset/_doc [status:201 request:0.015s]
[2025-09-22T01:59:17.129+0000] {base.py:271} INFO - POST http://elasticsearch:9200/auto_sales_dataset/_doc [status:201 request:0.012s]
[2025-09-22T01:59:17.143+0000] {base.py:271} INFO - POST http://elasticsearch:9200/auto_sales_dataset/_doc [status:201 request:0.011s]
[2025-09-22T01:59:17.150+0000] {base.py:271} INFO - POST http://elasticsearch:9200/auto_sales_dataset/_doc [status:201 request:0.006s]
[2025-09-22T01:59:17.167+0000] {base.py:271} INFO - POST http://elasticsearch:9200/auto_sales_dataset/_doc [status:201 request:0.016s]
[2025-09-22T01:59:17.188+0000] {base.py:271} INFO - POST http://elasticsearch:9200/auto_sales_dataset/_doc [status:201 request:0.018s]
[2025-09-22T01:59:17.200+0000] {base.py:271} INFO - POST http://elasticsearch:9200/auto_sales_dataset/_doc [status:201 request:0.009s]
[2025-09-22T01:59:17.212+0000] {base.py:271} INFO - POST http://elasticsearch:9200/auto_sales_dataset/_doc [status:201 request:0.011s]
[2025-09-22T01:59:17.222+0000] {base.py:271} INFO - POST http://elasticsearch:9200/auto_sales_dataset/_doc [status:201 request:0.009s]
[2025-09-22T01:59:17.239+0000] {base.py:271} INFO - POST http://elasticsearch:9200/auto_sales_dataset/_doc [status:201 request:0.015s]
[2025-09-22T01:59:17.259+0000] {base.py:271} INFO - POST http://elasticsearch:9200/auto_sales_dataset/_doc [status:201 request:0.013s]
[2025-09-22T01:59:17.267+0000] {base.py:271} INFO - POST http://elasticsearch:9200/auto_sales_dataset/_doc [status:201 request:0.008s]
[2025-09-22T01:59:17.280+0000] {base.py:271} INFO - POST http://elasticsearch:9200/auto_sales_dataset/_doc [status:201 request:0.009s]
[2025-09-22T01:59:17.290+0000] {base.py:271} INFO - POST http://elasticsearch:9200/auto_sales_dataset/_doc [status:201 request:0.010s]
[2025-09-22T01:59:17.307+0000] {base.py:271} INFO - POST http://elasticsearch:9200/auto_sales_dataset/_doc [status:201 request:0.016s]
[2025-09-22T01:59:17.327+0000] {base.py:271} INFO - POST http://elasticsearch:9200/auto_sales_dataset/_doc [status:201 request:0.014s]
[2025-09-22T01:59:17.339+0000] {base.py:271} INFO - POST http://elasticsearch:9200/auto_sales_dataset/_doc [status:201 request:0.010s]
[2025-09-22T01:59:17.351+0000] {base.py:271} INFO - POST http://elasticsearch:9200/auto_sales_dataset/_doc [status:201 request:0.011s]
[2025-09-22T01:59:17.364+0000] {base.py:271} INFO - POST http://elasticsearch:9200/auto_sales_dataset/_doc [status:201 request:0.011s]
[2025-09-22T01:59:17.375+0000] {base.py:271} INFO - POST http://elasticsearch:9200/auto_sales_dataset/_doc [status:201 request:0.010s]
[2025-09-22T01:59:17.399+0000] {base.py:271} INFO - POST http://elasticsearch:9200/auto_sales_dataset/_doc [status:201 request:0.021s]
[2025-09-22T01:59:17.411+0000] {base.py:271} INFO - POST http://elasticsearch:9200/auto_sales_dataset/_doc [status:201 request:0.010s]
[2025-09-22T01:59:17.427+0000] {base.py:271} INFO - POST http://elasticsearch:9200/auto_sales_dataset/_doc [status:201 request:0.015s]
[2025-09-22T01:59:17.449+0000] {base.py:271} INFO - POST http://elasticsearch:9200/auto_sales_dataset/_doc [status:201 request:0.020s]
[2025-09-22T01:59:17.463+0000] {base.py:271} INFO - POST http://elasticsearch:9200/auto_sales_dataset/_doc [status:201 request:0.011s]
[2025-09-22T01:59:17.474+0000] {base.py:271} INFO - POST http://elasticsearch:9200/auto_sales_dataset/_doc [status:201 request:0.010s]
[2025-09-22T01:59:17.489+0000] {base.py:271} INFO - POST http://elasticsearch:9200/auto_sales_dataset/_doc [status:201 request:0.014s]
[2025-09-22T01:59:17.528+0000] {base.py:271} INFO - POST http://elasticsearch:9200/auto_sales_dataset/_doc [status:201 request:0.035s]
[2025-09-22T01:59:17.551+0000] {base.py:271} INFO - POST http://elasticsearch:9200/auto_sales_dataset/_doc [status:201 request:0.021s]
[2025-09-22T01:59:17.565+0000] {base.py:271} INFO - POST http://elasticsearch:9200/auto_sales_dataset/_doc [status:201 request:0.013s]
[2025-09-22T01:59:17.584+0000] {base.py:271} INFO - POST http://elasticsearch:9200/auto_sales_dataset/_doc [status:201 request:0.017s]
[2025-09-22T01:59:17.597+0000] {base.py:271} INFO - POST http://elasticsearch:9200/auto_sales_dataset/_doc [status:201 request:0.011s]
[2025-09-22T01:59:17.614+0000] {base.py:271} INFO - POST http://elasticsearch:9200/auto_sales_dataset/_doc [status:201 request:0.015s]
[2025-09-22T01:59:17.631+0000] {base.py:271} INFO - POST http://elasticsearch:9200/auto_sales_dataset/_doc [status:201 request:0.014s]
[2025-09-22T01:59:17.652+0000] {base.py:271} INFO - POST http://elasticsearch:9200/auto_sales_dataset/_doc [status:201 request:0.019s]
[2025-09-22T01:59:17.668+0000] {base.py:271} INFO - POST http://elasticsearch:9200/auto_sales_dataset/_doc [status:201 request:0.014s]
[2025-09-22T01:59:17.688+0000] {base.py:271} INFO - POST http://elasticsearch:9200/auto_sales_dataset/_doc [status:201 request:0.016s]
[2025-09-22T01:59:17.723+0000] {base.py:271} INFO - POST http://elasticsearch:9200/auto_sales_dataset/_doc [status:201 request:0.024s]
[2025-09-22T01:59:17.738+0000] {base.py:271} INFO - POST http://elasticsearch:9200/auto_sales_dataset/_doc [status:201 request:0.013s]
[2025-09-22T01:59:17.755+0000] {base.py:271} INFO - POST http://elasticsearch:9200/auto_sales_dataset/_doc [status:201 request:0.012s]
[2025-09-22T01:59:17.772+0000] {base.py:271} INFO - POST http://elasticsearch:9200/auto_sales_dataset/_doc [status:201 request:0.011s]
[2025-09-22T01:59:17.779+0000] {base.py:271} INFO - POST http://elasticsearch:9200/auto_sales_dataset/_doc [status:201 request:0.006s]
[2025-09-22T01:59:17.787+0000] {base.py:271} INFO - POST http://elasticsearch:9200/auto_sales_dataset/_doc [status:201 request:0.007s]
[2025-09-22T01:59:17.795+0000] {base.py:271} INFO - POST http://elasticsearch:9200/auto_sales_dataset/_doc [status:201 request:0.007s]
[2025-09-22T01:59:17.804+0000] {base.py:271} INFO - POST http://elasticsearch:9200/auto_sales_dataset/_doc [status:201 request:0.007s]
[2025-09-22T01:59:17.815+0000] {base.py:271} INFO - POST http://elasticsearch:9200/auto_sales_dataset/_doc [status:201 request:0.009s]
[2025-09-22T01:59:17.827+0000] {base.py:271} INFO - POST http://elasticsearch:9200/auto_sales_dataset/_doc [status:201 request:0.011s]
[2025-09-22T01:59:17.844+0000] {base.py:271} INFO - POST http://elasticsearch:9200/auto_sales_dataset/_doc [status:201 request:0.016s]
[2025-09-22T01:59:17.856+0000] {base.py:271} INFO - POST http://elasticsearch:9200/auto_sales_dataset/_doc [status:201 request:0.010s]
[2025-09-22T01:59:17.868+0000] {base.py:271} INFO - POST http://elasticsearch:9200/auto_sales_dataset/_doc [status:201 request:0.010s]
[2025-09-22T01:59:17.878+0000] {base.py:271} INFO - POST http://elasticsearch:9200/auto_sales_dataset/_doc [status:201 request:0.009s]
[2025-09-22T01:59:17.903+0000] {base.py:271} INFO - POST http://elasticsearch:9200/auto_sales_dataset/_doc [status:201 request:0.024s]
[2025-09-22T01:59:17.922+0000] {base.py:271} INFO - POST http://elasticsearch:9200/auto_sales_dataset/_doc [status:201 request:0.013s]
[2025-09-22T01:59:17.943+0000] {base.py:271} INFO - POST http://elasticsearch:9200/auto_sales_dataset/_doc [status:201 request:0.019s]
[2025-09-22T01:59:17.965+0000] {base.py:271} INFO - POST http://elasticsearch:9200/auto_sales_dataset/_doc [status:201 request:0.017s]
[2025-09-22T01:59:17.983+0000] {base.py:271} INFO - POST http://elasticsearch:9200/auto_sales_dataset/_doc [status:201 request:0.016s]
[2025-09-22T01:59:17.992+0000] {base.py:271} INFO - POST http://elasticsearch:9200/auto_sales_dataset/_doc [status:201 request:0.008s]
[2025-09-22T01:59:18.001+0000] {base.py:271} INFO - POST http://elasticsearch:9200/auto_sales_dataset/_doc [status:201 request:0.007s]
[2025-09-22T01:59:18.014+0000] {base.py:271} INFO - POST http://elasticsearch:9200/auto_sales_dataset/_doc [status:201 request:0.012s]
[2025-09-22T01:59:18.033+0000] {base.py:271} INFO - POST http://elasticsearch:9200/auto_sales_dataset/_doc [status:201 request:0.018s]
[2025-09-22T01:59:18.050+0000] {base.py:271} INFO - POST http://elasticsearch:9200/auto_sales_dataset/_doc [status:201 request:0.015s]
[2025-09-22T01:59:18.062+0000] {base.py:271} INFO - POST http://elasticsearch:9200/auto_sales_dataset/_doc [status:201 request:0.010s]
[2025-09-22T01:59:18.075+0000] {base.py:271} INFO - POST http://elasticsearch:9200/auto_sales_dataset/_doc [status:201 request:0.011s]
[2025-09-22T01:59:18.086+0000] {base.py:271} INFO - POST http://elasticsearch:9200/auto_sales_dataset/_doc [status:201 request:0.010s]
[2025-09-22T01:59:18.101+0000] {base.py:271} INFO - POST http://elasticsearch:9200/auto_sales_dataset/_doc [status:201 request:0.012s]
[2025-09-22T01:59:18.118+0000] {base.py:271} INFO - POST http://elasticsearch:9200/auto_sales_dataset/_doc [status:201 request:0.015s]
[2025-09-22T01:59:18.131+0000] {base.py:271} INFO - POST http://elasticsearch:9200/auto_sales_dataset/_doc [status:201 request:0.011s]
[2025-09-22T01:59:18.144+0000] {base.py:271} INFO - POST http://elasticsearch:9200/auto_sales_dataset/_doc [status:201 request:0.012s]
[2025-09-22T01:59:18.159+0000] {base.py:271} INFO - POST http://elasticsearch:9200/auto_sales_dataset/_doc [status:201 request:0.012s]
[2025-09-22T01:59:18.170+0000] {base.py:271} INFO - POST http://elasticsearch:9200/auto_sales_dataset/_doc [status:201 request:0.009s]
[2025-09-22T01:59:18.183+0000] {base.py:271} INFO - POST http://elasticsearch:9200/auto_sales_dataset/_doc [status:201 request:0.011s]
[2025-09-22T01:59:18.200+0000] {base.py:271} INFO - POST http://elasticsearch:9200/auto_sales_dataset/_doc [status:201 request:0.015s]
[2025-09-22T01:59:18.258+0000] {base.py:271} INFO - POST http://elasticsearch:9200/auto_sales_dataset/_doc [status:201 request:0.055s]
[2025-09-22T01:59:18.279+0000] {base.py:271} INFO - POST http://elasticsearch:9200/auto_sales_dataset/_doc [status:201 request:0.017s]
[2025-09-22T01:59:18.295+0000] {base.py:271} INFO - POST http://elasticsearch:9200/auto_sales_dataset/_doc [status:201 request:0.014s]
[2025-09-22T01:59:18.316+0000] {base.py:271} INFO - POST http://elasticsearch:9200/auto_sales_dataset/_doc [status:201 request:0.020s]
[2025-09-22T01:59:18.340+0000] {base.py:271} INFO - POST http://elasticsearch:9200/auto_sales_dataset/_doc [status:201 request:0.021s]
[2025-09-22T01:59:18.376+0000] {base.py:271} INFO - POST http://elasticsearch:9200/auto_sales_dataset/_doc [status:201 request:0.032s]
[2025-09-22T01:59:18.395+0000] {base.py:271} INFO - POST http://elasticsearch:9200/auto_sales_dataset/_doc [status:201 request:0.017s]
[2025-09-22T01:59:18.426+0000] {base.py:271} INFO - POST http://elasticsearch:9200/auto_sales_dataset/_doc [status:201 request:0.028s]
[2025-09-22T01:59:18.441+0000] {base.py:271} INFO - POST http://elasticsearch:9200/auto_sales_dataset/_doc [status:201 request:0.013s]
[2025-09-22T01:59:18.451+0000] {base.py:271} INFO - POST http://elasticsearch:9200/auto_sales_dataset/_doc [status:201 request:0.008s]
[2025-09-22T01:59:18.463+0000] {base.py:271} INFO - POST http://elasticsearch:9200/auto_sales_dataset/_doc [status:201 request:0.010s]
[2025-09-22T01:59:18.479+0000] {base.py:271} INFO - POST http://elasticsearch:9200/auto_sales_dataset/_doc [status:201 request:0.015s]
[2025-09-22T01:59:18.493+0000] {base.py:271} INFO - POST http://elasticsearch:9200/auto_sales_dataset/_doc [status:201 request:0.011s]
[2025-09-22T01:59:18.502+0000] {base.py:271} INFO - POST http://elasticsearch:9200/auto_sales_dataset/_doc [status:201 request:0.008s]
[2025-09-22T01:59:18.517+0000] {base.py:271} INFO - POST http://elasticsearch:9200/auto_sales_dataset/_doc [status:201 request:0.013s]
[2025-09-22T01:59:18.525+0000] {base.py:271} INFO - POST http://elasticsearch:9200/auto_sales_dataset/_doc [status:201 request:0.007s]
[2025-09-22T01:59:18.533+0000] {base.py:271} INFO - POST http://elasticsearch:9200/auto_sales_dataset/_doc [status:201 request:0.006s]
[2025-09-22T01:59:18.543+0000] {base.py:271} INFO - POST http://elasticsearch:9200/auto_sales_dataset/_doc [status:201 request:0.009s]
[2025-09-22T01:59:18.552+0000] {base.py:271} INFO - POST http://elasticsearch:9200/auto_sales_dataset/_doc [status:201 request:0.009s]
[2025-09-22T01:59:18.561+0000] {base.py:271} INFO - POST http://elasticsearch:9200/auto_sales_dataset/_doc [status:201 request:0.008s]
[2025-09-22T01:59:18.569+0000] {base.py:271} INFO - POST http://elasticsearch:9200/auto_sales_dataset/_doc [status:201 request:0.006s]
[2025-09-22T01:59:18.584+0000] {base.py:271} INFO - POST http://elasticsearch:9200/auto_sales_dataset/_doc [status:201 request:0.006s]
[2025-09-22T01:59:18.604+0000] {base.py:271} INFO - POST http://elasticsearch:9200/auto_sales_dataset/_doc [status:201 request:0.020s]
[2025-09-22T01:59:18.612+0000] {base.py:271} INFO - POST http://elasticsearch:9200/auto_sales_dataset/_doc [status:201 request:0.006s]
[2025-09-22T01:59:18.623+0000] {base.py:271} INFO - POST http://elasticsearch:9200/auto_sales_dataset/_doc [status:201 request:0.010s]
[2025-09-22T01:59:18.635+0000] {base.py:271} INFO - POST http://elasticsearch:9200/auto_sales_dataset/_doc [status:201 request:0.011s]
[2025-09-22T01:59:18.682+0000] {base.py:271} INFO - POST http://elasticsearch:9200/auto_sales_dataset/_doc [status:201 request:0.046s]
[2025-09-22T01:59:18.695+0000] {base.py:271} INFO - POST http://elasticsearch:9200/auto_sales_dataset/_doc [status:201 request:0.012s]
[2025-09-22T01:59:18.709+0000] {base.py:271} INFO - POST http://elasticsearch:9200/auto_sales_dataset/_doc [status:201 request:0.013s]
[2025-09-22T01:59:18.723+0000] {base.py:271} INFO - POST http://elasticsearch:9200/auto_sales_dataset/_doc [status:201 request:0.010s]
[2025-09-22T01:59:18.738+0000] {base.py:271} INFO - POST http://elasticsearch:9200/auto_sales_dataset/_doc [status:201 request:0.011s]
[2025-09-22T01:59:18.747+0000] {base.py:271} INFO - POST http://elasticsearch:9200/auto_sales_dataset/_doc [status:201 request:0.008s]
[2025-09-22T01:59:18.762+0000] {base.py:271} INFO - POST http://elasticsearch:9200/auto_sales_dataset/_doc [status:201 request:0.013s]
[2025-09-22T01:59:18.776+0000] {base.py:271} INFO - POST http://elasticsearch:9200/auto_sales_dataset/_doc [status:201 request:0.012s]
[2025-09-22T01:59:18.799+0000] {base.py:271} INFO - POST http://elasticsearch:9200/auto_sales_dataset/_doc [status:201 request:0.022s]
[2025-09-22T01:59:19.099+0000] {base.py:271} INFO - POST http://elasticsearch:9200/auto_sales_dataset/_doc [status:201 request:0.137s]
[2025-09-22T01:59:19.975+0000] {base.py:271} INFO - POST http://elasticsearch:9200/auto_sales_dataset/_doc [status:201 request:0.514s]
[2025-09-22T01:59:20.061+0000] {base.py:271} INFO - POST http://elasticsearch:9200/auto_sales_dataset/_doc [status:201 request:0.061s]
[2025-09-22T01:59:20.129+0000] {base.py:271} INFO - POST http://elasticsearch:9200/auto_sales_dataset/_doc [status:201 request:0.064s]
[2025-09-22T01:59:20.191+0000] {base.py:271} INFO - POST http://elasticsearch:9200/auto_sales_dataset/_doc [status:201 request:0.058s]
[2025-09-22T01:59:20.251+0000] {base.py:271} INFO - POST http://elasticsearch:9200/auto_sales_dataset/_doc [status:201 request:0.028s]
[2025-09-22T01:59:20.553+0000] {base.py:271} INFO - POST http://elasticsearch:9200/auto_sales_dataset/_doc [status:201 request:0.269s]
[2025-09-22T01:59:20.864+0000] {base.py:271} INFO - POST http://elasticsearch:9200/auto_sales_dataset/_doc [status:201 request:0.290s]
[2025-09-22T01:59:21.126+0000] {base.py:271} INFO - POST http://elasticsearch:9200/auto_sales_dataset/_doc [status:201 request:0.215s]
[2025-09-22T01:59:21.186+0000] {base.py:271} INFO - POST http://elasticsearch:9200/auto_sales_dataset/_doc [status:201 request:0.038s]
[2025-09-22T01:59:21.243+0000] {base.py:271} INFO - POST http://elasticsearch:9200/auto_sales_dataset/_doc [status:201 request:0.052s]
[2025-09-22T01:59:21.317+0000] {base.py:271} INFO - POST http://elasticsearch:9200/auto_sales_dataset/_doc [status:201 request:0.047s]
[2025-09-22T01:59:21.368+0000] {base.py:271} INFO - POST http://elasticsearch:9200/auto_sales_dataset/_doc [status:201 request:0.048s]
[2025-09-22T01:59:21.400+0000] {base.py:271} INFO - POST http://elasticsearch:9200/auto_sales_dataset/_doc [status:201 request:0.030s]
[2025-09-22T01:59:21.537+0000] {base.py:271} INFO - POST http://elasticsearch:9200/auto_sales_dataset/_doc [status:201 request:0.133s]
[2025-09-22T01:59:21.603+0000] {base.py:271} INFO - POST http://elasticsearch:9200/auto_sales_dataset/_doc [status:201 request:0.061s]
[2025-09-22T01:59:21.656+0000] {base.py:271} INFO - POST http://elasticsearch:9200/auto_sales_dataset/_doc [status:201 request:0.050s]
[2025-09-22T01:59:21.704+0000] {base.py:271} INFO - POST http://elasticsearch:9200/auto_sales_dataset/_doc [status:201 request:0.044s]
[2025-09-22T01:59:21.792+0000] {base.py:271} INFO - POST http://elasticsearch:9200/auto_sales_dataset/_doc [status:201 request:0.083s]
[2025-09-22T01:59:21.877+0000] {base.py:271} INFO - POST http://elasticsearch:9200/auto_sales_dataset/_doc [status:201 request:0.043s]
[2025-09-22T01:59:22.692+0000] {base.py:271} INFO - POST http://elasticsearch:9200/auto_sales_dataset/_doc [status:201 request:0.799s]
[2025-09-22T01:59:23.303+0000] {base.py:271} INFO - POST http://elasticsearch:9200/auto_sales_dataset/_doc [status:201 request:0.468s]
[2025-09-22T01:59:23.388+0000] {base.py:271} INFO - POST http://elasticsearch:9200/auto_sales_dataset/_doc [status:201 request:0.056s]
[2025-09-22T01:59:23.423+0000] {base.py:271} INFO - POST http://elasticsearch:9200/auto_sales_dataset/_doc [status:201 request:0.027s]
[2025-09-22T01:59:23.499+0000] {base.py:271} INFO - POST http://elasticsearch:9200/auto_sales_dataset/_doc [status:201 request:0.066s]
[2025-09-22T01:59:23.594+0000] {base.py:271} INFO - POST http://elasticsearch:9200/auto_sales_dataset/_doc [status:201 request:0.093s]
[2025-09-22T01:59:23.729+0000] {base.py:271} INFO - POST http://elasticsearch:9200/auto_sales_dataset/_doc [status:201 request:0.125s]
[2025-09-22T01:59:23.768+0000] {base.py:271} INFO - POST http://elasticsearch:9200/auto_sales_dataset/_doc [status:201 request:0.034s]
[2025-09-22T01:59:23.818+0000] {base.py:271} INFO - POST http://elasticsearch:9200/auto_sales_dataset/_doc [status:201 request:0.046s]
[2025-09-22T01:59:23.908+0000] {base.py:271} INFO - POST http://elasticsearch:9200/auto_sales_dataset/_doc [status:201 request:0.083s]
[2025-09-22T01:59:23.953+0000] {base.py:271} INFO - POST http://elasticsearch:9200/auto_sales_dataset/_doc [status:201 request:0.037s]
[2025-09-22T01:59:24.009+0000] {base.py:271} INFO - POST http://elasticsearch:9200/auto_sales_dataset/_doc [status:201 request:0.049s]
[2025-09-22T01:59:24.071+0000] {base.py:271} INFO - POST http://elasticsearch:9200/auto_sales_dataset/_doc [status:201 request:0.054s]
[2025-09-22T01:59:24.173+0000] {base.py:271} INFO - POST http://elasticsearch:9200/auto_sales_dataset/_doc [status:201 request:0.086s]
[2025-09-22T01:59:24.218+0000] {base.py:271} INFO - POST http://elasticsearch:9200/auto_sales_dataset/_doc [status:201 request:0.033s]
[2025-09-22T01:59:25.135+0000] {base.py:271} INFO - POST http://elasticsearch:9200/auto_sales_dataset/_doc [status:201 request:0.864s]
[2025-09-22T01:59:25.909+0000] {base.py:271} INFO - POST http://elasticsearch:9200/auto_sales_dataset/_doc [status:201 request:0.389s]
[2025-09-22T01:59:26.354+0000] {base.py:271} INFO - POST http://elasticsearch:9200/auto_sales_dataset/_doc [status:201 request:0.238s]
[2025-09-22T01:59:26.521+0000] {base.py:271} INFO - POST http://elasticsearch:9200/auto_sales_dataset/_doc [status:201 request:0.081s]
[2025-09-22T01:59:26.587+0000] {base.py:271} INFO - POST http://elasticsearch:9200/auto_sales_dataset/_doc [status:201 request:0.054s]
[2025-09-22T01:59:26.743+0000] {base.py:271} INFO - POST http://elasticsearch:9200/auto_sales_dataset/_doc [status:201 request:0.124s]
[2025-09-22T01:59:27.017+0000] {base.py:271} INFO - POST http://elasticsearch:9200/auto_sales_dataset/_doc [status:201 request:0.179s]
[2025-09-22T01:59:27.101+0000] {base.py:271} INFO - POST http://elasticsearch:9200/auto_sales_dataset/_doc [status:201 request:0.074s]
[2025-09-22T01:59:27.203+0000] {base.py:271} INFO - POST http://elasticsearch:9200/auto_sales_dataset/_doc [status:201 request:0.044s]
[2025-09-22T01:59:27.288+0000] {base.py:271} INFO - POST http://elasticsearch:9200/auto_sales_dataset/_doc [status:201 request:0.070s]
[2025-09-22T01:59:27.340+0000] {base.py:271} INFO - POST http://elasticsearch:9200/auto_sales_dataset/_doc [status:201 request:0.025s]
[2025-09-22T01:59:27.360+0000] {base.py:271} INFO - POST http://elasticsearch:9200/auto_sales_dataset/_doc [status:201 request:0.013s]
[2025-09-22T01:59:27.383+0000] {base.py:271} INFO - POST http://elasticsearch:9200/auto_sales_dataset/_doc [status:201 request:0.018s]
[2025-09-22T01:59:27.405+0000] {base.py:271} INFO - POST http://elasticsearch:9200/auto_sales_dataset/_doc [status:201 request:0.018s]
[2025-09-22T01:59:27.422+0000] {base.py:271} INFO - POST http://elasticsearch:9200/auto_sales_dataset/_doc [status:201 request:0.014s]
[2025-09-22T01:59:27.437+0000] {base.py:271} INFO - POST http://elasticsearch:9200/auto_sales_dataset/_doc [status:201 request:0.012s]
[2025-09-22T01:59:27.447+0000] {base.py:271} INFO - POST http://elasticsearch:9200/auto_sales_dataset/_doc [status:201 request:0.010s]
[2025-09-22T01:59:27.457+0000] {base.py:271} INFO - POST http://elasticsearch:9200/auto_sales_dataset/_doc [status:201 request:0.009s]
[2025-09-22T01:59:27.467+0000] {base.py:271} INFO - POST http://elasticsearch:9200/auto_sales_dataset/_doc [status:201 request:0.009s]
[2025-09-22T01:59:27.480+0000] {base.py:271} INFO - POST http://elasticsearch:9200/auto_sales_dataset/_doc [status:201 request:0.011s]
[2025-09-22T01:59:27.505+0000] {base.py:271} INFO - POST http://elasticsearch:9200/auto_sales_dataset/_doc [status:201 request:0.022s]
[2025-09-22T01:59:27.520+0000] {base.py:271} INFO - POST http://elasticsearch:9200/auto_sales_dataset/_doc [status:201 request:0.010s]
[2025-09-22T01:59:27.527+0000] {base.py:271} INFO - POST http://elasticsearch:9200/auto_sales_dataset/_doc [status:201 request:0.005s]
[2025-09-22T01:59:27.538+0000] {base.py:271} INFO - POST http://elasticsearch:9200/auto_sales_dataset/_doc [status:201 request:0.011s]
[2025-09-22T01:59:27.548+0000] {base.py:271} INFO - POST http://elasticsearch:9200/auto_sales_dataset/_doc [status:201 request:0.008s]
[2025-09-22T01:59:27.558+0000] {base.py:271} INFO - POST http://elasticsearch:9200/auto_sales_dataset/_doc [status:201 request:0.009s]
[2025-09-22T01:59:27.582+0000] {base.py:271} INFO - POST http://elasticsearch:9200/auto_sales_dataset/_doc [status:201 request:0.023s]
[2025-09-22T01:59:27.608+0000] {base.py:271} INFO - POST http://elasticsearch:9200/auto_sales_dataset/_doc [status:201 request:0.024s]
[2025-09-22T01:59:27.656+0000] {base.py:271} INFO - POST http://elasticsearch:9200/auto_sales_dataset/_doc [status:201 request:0.046s]
[2025-09-22T01:59:27.686+0000] {base.py:271} INFO - POST http://elasticsearch:9200/auto_sales_dataset/_doc [status:201 request:0.028s]
[2025-09-22T01:59:27.717+0000] {base.py:271} INFO - POST http://elasticsearch:9200/auto_sales_dataset/_doc [status:201 request:0.017s]
[2025-09-22T01:59:27.725+0000] {base.py:271} INFO - POST http://elasticsearch:9200/auto_sales_dataset/_doc [status:201 request:0.007s]
[2025-09-22T01:59:27.743+0000] {base.py:271} INFO - POST http://elasticsearch:9200/auto_sales_dataset/_doc [status:201 request:0.016s]
[2025-09-22T01:59:27.756+0000] {base.py:271} INFO - POST http://elasticsearch:9200/auto_sales_dataset/_doc [status:201 request:0.009s]
[2025-09-22T01:59:27.764+0000] {base.py:271} INFO - POST http://elasticsearch:9200/auto_sales_dataset/_doc [status:201 request:0.007s]
[2025-09-22T01:59:27.771+0000] {base.py:271} INFO - POST http://elasticsearch:9200/auto_sales_dataset/_doc [status:201 request:0.006s]
[2025-09-22T01:59:27.777+0000] {base.py:271} INFO - POST http://elasticsearch:9200/auto_sales_dataset/_doc [status:201 request:0.005s]
[2025-09-22T01:59:27.791+0000] {base.py:271} INFO - POST http://elasticsearch:9200/auto_sales_dataset/_doc [status:201 request:0.013s]
[2025-09-22T01:59:27.811+0000] {base.py:271} INFO - POST http://elasticsearch:9200/auto_sales_dataset/_doc [status:201 request:0.013s]
[2025-09-22T01:59:27.821+0000] {base.py:271} INFO - POST http://elasticsearch:9200/auto_sales_dataset/_doc [status:201 request:0.007s]
[2025-09-22T01:59:27.832+0000] {base.py:271} INFO - POST http://elasticsearch:9200/auto_sales_dataset/_doc [status:201 request:0.010s]
[2025-09-22T01:59:27.841+0000] {base.py:271} INFO - POST http://elasticsearch:9200/auto_sales_dataset/_doc [status:201 request:0.008s]
[2025-09-22T01:59:27.852+0000] {base.py:271} INFO - POST http://elasticsearch:9200/auto_sales_dataset/_doc [status:201 request:0.009s]
[2025-09-22T01:59:27.859+0000] {base.py:271} INFO - POST http://elasticsearch:9200/auto_sales_dataset/_doc [status:201 request:0.006s]
[2025-09-22T01:59:27.870+0000] {base.py:271} INFO - POST http://elasticsearch:9200/auto_sales_dataset/_doc [status:201 request:0.010s]
[2025-09-22T01:59:27.904+0000] {base.py:271} INFO - POST http://elasticsearch:9200/auto_sales_dataset/_doc [status:201 request:0.031s]
[2025-09-22T01:59:27.923+0000] {base.py:271} INFO - POST http://elasticsearch:9200/auto_sales_dataset/_doc [status:201 request:0.017s]
[2025-09-22T01:59:27.937+0000] {base.py:271} INFO - POST http://elasticsearch:9200/auto_sales_dataset/_doc [status:201 request:0.012s]
[2025-09-22T01:59:27.952+0000] {base.py:271} INFO - POST http://elasticsearch:9200/auto_sales_dataset/_doc [status:201 request:0.013s]
[2025-09-22T01:59:27.967+0000] {base.py:271} INFO - POST http://elasticsearch:9200/auto_sales_dataset/_doc [status:201 request:0.014s]
[2025-09-22T01:59:27.983+0000] {base.py:271} INFO - POST http://elasticsearch:9200/auto_sales_dataset/_doc [status:201 request:0.013s]
[2025-09-22T01:59:27.996+0000] {base.py:271} INFO - POST http://elasticsearch:9200/auto_sales_dataset/_doc [status:201 request:0.011s]
[2025-09-22T01:59:28.012+0000] {base.py:271} INFO - POST http://elasticsearch:9200/auto_sales_dataset/_doc [status:201 request:0.013s]
[2025-09-22T01:59:28.026+0000] {base.py:271} INFO - POST http://elasticsearch:9200/auto_sales_dataset/_doc [status:201 request:0.011s]
[2025-09-22T01:59:28.057+0000] {base.py:271} INFO - POST http://elasticsearch:9200/auto_sales_dataset/_doc [status:201 request:0.027s]
[2025-09-22T01:59:28.077+0000] {base.py:271} INFO - POST http://elasticsearch:9200/auto_sales_dataset/_doc [status:201 request:0.016s]
[2025-09-22T01:59:28.094+0000] {base.py:271} INFO - POST http://elasticsearch:9200/auto_sales_dataset/_doc [status:201 request:0.014s]
[2025-09-22T01:59:28.111+0000] {base.py:271} INFO - POST http://elasticsearch:9200/auto_sales_dataset/_doc [status:201 request:0.010s]
[2025-09-22T01:59:28.158+0000] {base.py:271} INFO - POST http://elasticsearch:9200/auto_sales_dataset/_doc [status:201 request:0.036s]
[2025-09-22T01:59:28.181+0000] {base.py:271} INFO - POST http://elasticsearch:9200/auto_sales_dataset/_doc [status:201 request:0.020s]
[2025-09-22T01:59:28.202+0000] {base.py:271} INFO - POST http://elasticsearch:9200/auto_sales_dataset/_doc [status:201 request:0.017s]
[2025-09-22T01:59:28.211+0000] {base.py:271} INFO - POST http://elasticsearch:9200/auto_sales_dataset/_doc [status:201 request:0.007s]
[2025-09-22T01:59:28.221+0000] {base.py:271} INFO - POST http://elasticsearch:9200/auto_sales_dataset/_doc [status:201 request:0.006s]
[2025-09-22T01:59:28.228+0000] {base.py:271} INFO - POST http://elasticsearch:9200/auto_sales_dataset/_doc [status:201 request:0.007s]
[2025-09-22T01:59:28.238+0000] {base.py:271} INFO - POST http://elasticsearch:9200/auto_sales_dataset/_doc [status:201 request:0.008s]
[2025-09-22T01:59:28.250+0000] {base.py:271} INFO - POST http://elasticsearch:9200/auto_sales_dataset/_doc [status:201 request:0.011s]
[2025-09-22T01:59:28.257+0000] {base.py:271} INFO - POST http://elasticsearch:9200/auto_sales_dataset/_doc [status:201 request:0.006s]
[2025-09-22T01:59:28.267+0000] {base.py:271} INFO - POST http://elasticsearch:9200/auto_sales_dataset/_doc [status:201 request:0.009s]
[2025-09-22T01:59:28.274+0000] {base.py:271} INFO - POST http://elasticsearch:9200/auto_sales_dataset/_doc [status:201 request:0.006s]
[2025-09-22T01:59:28.291+0000] {base.py:271} INFO - POST http://elasticsearch:9200/auto_sales_dataset/_doc [status:201 request:0.016s]
[2025-09-22T01:59:28.299+0000] {base.py:271} INFO - POST http://elasticsearch:9200/auto_sales_dataset/_doc [status:201 request:0.008s]
[2025-09-22T01:59:28.307+0000] {base.py:271} INFO - POST http://elasticsearch:9200/auto_sales_dataset/_doc [status:201 request:0.006s]
[2025-09-22T01:59:28.316+0000] {base.py:271} INFO - POST http://elasticsearch:9200/auto_sales_dataset/_doc [status:201 request:0.008s]
[2025-09-22T01:59:28.323+0000] {base.py:271} INFO - POST http://elasticsearch:9200/auto_sales_dataset/_doc [status:201 request:0.005s]
[2025-09-22T01:59:28.330+0000] {base.py:271} INFO - POST http://elasticsearch:9200/auto_sales_dataset/_doc [status:201 request:0.006s]
[2025-09-22T01:59:28.336+0000] {base.py:271} INFO - POST http://elasticsearch:9200/auto_sales_dataset/_doc [status:201 request:0.005s]
[2025-09-22T01:59:28.340+0000] {base.py:271} INFO - POST http://elasticsearch:9200/auto_sales_dataset/_doc [status:201 request:0.004s]
[2025-09-22T01:59:28.347+0000] {base.py:271} INFO - POST http://elasticsearch:9200/auto_sales_dataset/_doc [status:201 request:0.006s]
[2025-09-22T01:59:28.354+0000] {base.py:271} INFO - POST http://elasticsearch:9200/auto_sales_dataset/_doc [status:201 request:0.005s]
[2025-09-22T01:59:28.359+0000] {base.py:271} INFO - POST http://elasticsearch:9200/auto_sales_dataset/_doc [status:201 request:0.004s]
[2025-09-22T01:59:28.373+0000] {base.py:271} INFO - POST http://elasticsearch:9200/auto_sales_dataset/_doc [status:201 request:0.013s]
[2025-09-22T01:59:28.381+0000] {base.py:271} INFO - POST http://elasticsearch:9200/auto_sales_dataset/_doc [status:201 request:0.007s]
[2025-09-22T01:59:28.390+0000] {base.py:271} INFO - POST http://elasticsearch:9200/auto_sales_dataset/_doc [status:201 request:0.007s]
[2025-09-22T01:59:28.399+0000] {base.py:271} INFO - POST http://elasticsearch:9200/auto_sales_dataset/_doc [status:201 request:0.008s]
[2025-09-22T01:59:28.406+0000] {base.py:271} INFO - POST http://elasticsearch:9200/auto_sales_dataset/_doc [status:201 request:0.006s]
[2025-09-22T01:59:28.419+0000] {base.py:271} INFO - POST http://elasticsearch:9200/auto_sales_dataset/_doc [status:201 request:0.010s]
[2025-09-22T01:59:28.431+0000] {base.py:271} INFO - POST http://elasticsearch:9200/auto_sales_dataset/_doc [status:201 request:0.011s]
[2025-09-22T01:59:28.450+0000] {base.py:271} INFO - POST http://elasticsearch:9200/auto_sales_dataset/_doc [status:201 request:0.016s]
[2025-09-22T01:59:28.478+0000] {base.py:271} INFO - POST http://elasticsearch:9200/auto_sales_dataset/_doc [status:201 request:0.021s]
[2025-09-22T01:59:28.513+0000] {base.py:271} INFO - POST http://elasticsearch:9200/auto_sales_dataset/_doc [status:201 request:0.023s]
[2025-09-22T01:59:28.568+0000] {base.py:271} INFO - POST http://elasticsearch:9200/auto_sales_dataset/_doc [status:201 request:0.051s]
[2025-09-22T01:59:28.586+0000] {base.py:271} INFO - POST http://elasticsearch:9200/auto_sales_dataset/_doc [status:201 request:0.013s]
[2025-09-22T01:59:28.703+0000] {base.py:271} INFO - POST http://elasticsearch:9200/auto_sales_dataset/_doc [status:201 request:0.112s]
[2025-09-22T01:59:28.744+0000] {base.py:271} INFO - POST http://elasticsearch:9200/auto_sales_dataset/_doc [status:201 request:0.036s]
[2025-09-22T01:59:28.781+0000] {base.py:271} INFO - POST http://elasticsearch:9200/auto_sales_dataset/_doc [status:201 request:0.029s]
[2025-09-22T01:59:28.843+0000] {base.py:271} INFO - POST http://elasticsearch:9200/auto_sales_dataset/_doc [status:201 request:0.057s]
[2025-09-22T01:59:28.883+0000] {base.py:271} INFO - POST http://elasticsearch:9200/auto_sales_dataset/_doc [status:201 request:0.024s]
[2025-09-22T01:59:28.915+0000] {base.py:271} INFO - POST http://elasticsearch:9200/auto_sales_dataset/_doc [status:201 request:0.029s]
[2025-09-22T01:59:28.939+0000] {base.py:271} INFO - POST http://elasticsearch:9200/auto_sales_dataset/_doc [status:201 request:0.020s]
[2025-09-22T01:59:28.959+0000] {base.py:271} INFO - POST http://elasticsearch:9200/auto_sales_dataset/_doc [status:201 request:0.015s]
[2025-09-22T01:59:28.978+0000] {base.py:271} INFO - POST http://elasticsearch:9200/auto_sales_dataset/_doc [status:201 request:0.013s]
[2025-09-22T01:59:29.005+0000] {base.py:271} INFO - POST http://elasticsearch:9200/auto_sales_dataset/_doc [status:201 request:0.021s]
[2025-09-22T01:59:29.162+0000] {base.py:271} INFO - POST http://elasticsearch:9200/auto_sales_dataset/_doc [status:201 request:0.115s]
[2025-09-22T01:59:29.193+0000] {base.py:271} INFO - POST http://elasticsearch:9200/auto_sales_dataset/_doc [status:201 request:0.021s]
[2025-09-22T01:59:29.254+0000] {base.py:271} INFO - POST http://elasticsearch:9200/auto_sales_dataset/_doc [status:201 request:0.046s]
[2025-09-22T01:59:29.334+0000] {base.py:271} INFO - POST http://elasticsearch:9200/auto_sales_dataset/_doc [status:201 request:0.067s]
[2025-09-22T01:59:29.417+0000] {base.py:271} INFO - POST http://elasticsearch:9200/auto_sales_dataset/_doc [status:201 request:0.066s]
[2025-09-22T01:59:29.534+0000] {base.py:271} INFO - POST http://elasticsearch:9200/auto_sales_dataset/_doc [status:201 request:0.082s]
[2025-09-22T01:59:29.587+0000] {base.py:271} INFO - POST http://elasticsearch:9200/auto_sales_dataset/_doc [status:201 request:0.025s]
[2025-09-22T01:59:29.616+0000] {base.py:271} INFO - POST http://elasticsearch:9200/auto_sales_dataset/_doc [status:201 request:0.024s]
[2025-09-22T01:59:29.651+0000] {base.py:271} INFO - POST http://elasticsearch:9200/auto_sales_dataset/_doc [status:201 request:0.029s]
[2025-09-22T01:59:29.672+0000] {base.py:271} INFO - POST http://elasticsearch:9200/auto_sales_dataset/_doc [status:201 request:0.017s]
[2025-09-22T01:59:29.682+0000] {base.py:271} INFO - POST http://elasticsearch:9200/auto_sales_dataset/_doc [status:201 request:0.009s]
[2025-09-22T01:59:29.764+0000] {base.py:271} INFO - POST http://elasticsearch:9200/auto_sales_dataset/_doc [status:201 request:0.077s]
[2025-09-22T01:59:29.801+0000] {base.py:271} INFO - POST http://elasticsearch:9200/auto_sales_dataset/_doc [status:201 request:0.033s]
[2025-09-22T01:59:29.816+0000] {base.py:271} INFO - POST http://elasticsearch:9200/auto_sales_dataset/_doc [status:201 request:0.013s]
[2025-09-22T01:59:29.833+0000] {base.py:271} INFO - POST http://elasticsearch:9200/auto_sales_dataset/_doc [status:201 request:0.013s]
[2025-09-22T01:59:29.869+0000] {base.py:271} INFO - POST http://elasticsearch:9200/auto_sales_dataset/_doc [status:201 request:0.032s]
[2025-09-22T01:59:29.893+0000] {base.py:271} INFO - POST http://elasticsearch:9200/auto_sales_dataset/_doc [status:201 request:0.020s]
[2025-09-22T01:59:29.936+0000] {base.py:271} INFO - POST http://elasticsearch:9200/auto_sales_dataset/_doc [status:201 request:0.040s]
[2025-09-22T01:59:29.952+0000] {base.py:271} INFO - POST http://elasticsearch:9200/auto_sales_dataset/_doc [status:201 request:0.013s]
[2025-09-22T01:59:30.366+0000] {base.py:271} INFO - POST http://elasticsearch:9200/auto_sales_dataset/_doc [status:201 request:0.406s]
[2025-09-22T01:59:30.465+0000] {base.py:271} INFO - POST http://elasticsearch:9200/auto_sales_dataset/_doc [status:201 request:0.067s]
[2025-09-22T01:59:30.522+0000] {base.py:271} INFO - POST http://elasticsearch:9200/auto_sales_dataset/_doc [status:201 request:0.052s]
[2025-09-22T01:59:30.579+0000] {base.py:271} INFO - POST http://elasticsearch:9200/auto_sales_dataset/_doc [status:201 request:0.031s]
[2025-09-22T01:59:30.640+0000] {base.py:271} INFO - POST http://elasticsearch:9200/auto_sales_dataset/_doc [status:201 request:0.054s]
[2025-09-22T01:59:30.739+0000] {base.py:271} INFO - POST http://elasticsearch:9200/auto_sales_dataset/_doc [status:201 request:0.091s]
[2025-09-22T01:59:30.933+0000] {base.py:271} INFO - POST http://elasticsearch:9200/auto_sales_dataset/_doc [status:201 request:0.180s]
[2025-09-22T01:59:30.999+0000] {base.py:271} INFO - POST http://elasticsearch:9200/auto_sales_dataset/_doc [status:201 request:0.056s]
[2025-09-22T01:59:31.037+0000] {base.py:271} INFO - POST http://elasticsearch:9200/auto_sales_dataset/_doc [status:201 request:0.024s]
[2025-09-22T01:59:31.102+0000] {base.py:271} INFO - POST http://elasticsearch:9200/auto_sales_dataset/_doc [status:201 request:0.061s]
[2025-09-22T01:59:31.140+0000] {base.py:271} INFO - POST http://elasticsearch:9200/auto_sales_dataset/_doc [status:201 request:0.026s]
[2025-09-22T01:59:31.192+0000] {base.py:271} INFO - POST http://elasticsearch:9200/auto_sales_dataset/_doc [status:201 request:0.048s]
[2025-09-22T01:59:31.216+0000] {base.py:271} INFO - POST http://elasticsearch:9200/auto_sales_dataset/_doc [status:201 request:0.016s]
[2025-09-22T01:59:31.248+0000] {base.py:271} INFO - POST http://elasticsearch:9200/auto_sales_dataset/_doc [status:201 request:0.030s]
[2025-09-22T01:59:31.302+0000] {base.py:271} INFO - POST http://elasticsearch:9200/auto_sales_dataset/_doc [status:201 request:0.051s]
[2025-09-22T01:59:31.327+0000] {base.py:271} INFO - POST http://elasticsearch:9200/auto_sales_dataset/_doc [status:201 request:0.019s]
[2025-09-22T01:59:31.351+0000] {base.py:271} INFO - POST http://elasticsearch:9200/auto_sales_dataset/_doc [status:201 request:0.020s]
[2025-09-22T01:59:31.373+0000] {base.py:271} INFO - POST http://elasticsearch:9200/auto_sales_dataset/_doc [status:201 request:0.018s]
[2025-09-22T01:59:31.389+0000] {base.py:271} INFO - POST http://elasticsearch:9200/auto_sales_dataset/_doc [status:201 request:0.014s]
[2025-09-22T01:59:31.434+0000] {base.py:271} INFO - POST http://elasticsearch:9200/auto_sales_dataset/_doc [status:201 request:0.042s]
[2025-09-22T01:59:31.465+0000] {base.py:271} INFO - POST http://elasticsearch:9200/auto_sales_dataset/_doc [status:201 request:0.023s]
[2025-09-22T01:59:31.491+0000] {base.py:271} INFO - POST http://elasticsearch:9200/auto_sales_dataset/_doc [status:201 request:0.021s]
[2025-09-22T01:59:31.518+0000] {base.py:271} INFO - POST http://elasticsearch:9200/auto_sales_dataset/_doc [status:201 request:0.025s]
[2025-09-22T01:59:31.548+0000] {base.py:271} INFO - POST http://elasticsearch:9200/auto_sales_dataset/_doc [status:201 request:0.023s]
[2025-09-22T01:59:31.592+0000] {base.py:271} INFO - POST http://elasticsearch:9200/auto_sales_dataset/_doc [status:201 request:0.036s]
[2025-09-22T01:59:31.624+0000] {base.py:271} INFO - POST http://elasticsearch:9200/auto_sales_dataset/_doc [status:201 request:0.024s]
[2025-09-22T01:59:31.744+0000] {base.py:271} INFO - POST http://elasticsearch:9200/auto_sales_dataset/_doc [status:201 request:0.110s]
[2025-09-22T01:59:31.769+0000] {base.py:271} INFO - POST http://elasticsearch:9200/auto_sales_dataset/_doc [status:201 request:0.017s]
[2025-09-22T01:59:31.816+0000] {base.py:271} INFO - POST http://elasticsearch:9200/auto_sales_dataset/_doc [status:201 request:0.040s]
[2025-09-22T01:59:31.854+0000] {base.py:271} INFO - POST http://elasticsearch:9200/auto_sales_dataset/_doc [status:201 request:0.035s]
[2025-09-22T01:59:31.888+0000] {base.py:271} INFO - POST http://elasticsearch:9200/auto_sales_dataset/_doc [status:201 request:0.031s]
[2025-09-22T01:59:31.931+0000] {base.py:271} INFO - POST http://elasticsearch:9200/auto_sales_dataset/_doc [status:201 request:0.030s]
[2025-09-22T01:59:31.968+0000] {base.py:271} INFO - POST http://elasticsearch:9200/auto_sales_dataset/_doc [status:201 request:0.031s]
[2025-09-22T01:59:32.039+0000] {base.py:271} INFO - POST http://elasticsearch:9200/auto_sales_dataset/_doc [status:201 request:0.060s]
[2025-09-22T01:59:32.107+0000] {base.py:271} INFO - POST http://elasticsearch:9200/auto_sales_dataset/_doc [status:201 request:0.052s]
[2025-09-22T01:59:32.136+0000] {base.py:271} INFO - POST http://elasticsearch:9200/auto_sales_dataset/_doc [status:201 request:0.023s]
[2025-09-22T01:59:32.172+0000] {base.py:271} INFO - POST http://elasticsearch:9200/auto_sales_dataset/_doc [status:201 request:0.032s]
[2025-09-22T01:59:32.192+0000] {base.py:271} INFO - POST http://elasticsearch:9200/auto_sales_dataset/_doc [status:201 request:0.016s]
[2025-09-22T01:59:32.216+0000] {base.py:271} INFO - POST http://elasticsearch:9200/auto_sales_dataset/_doc [status:201 request:0.018s]
[2025-09-22T01:59:32.253+0000] {base.py:271} INFO - POST http://elasticsearch:9200/auto_sales_dataset/_doc [status:201 request:0.033s]
[2025-09-22T01:59:32.285+0000] {base.py:271} INFO - POST http://elasticsearch:9200/auto_sales_dataset/_doc [status:201 request:0.025s]
[2025-09-22T01:59:32.324+0000] {base.py:271} INFO - POST http://elasticsearch:9200/auto_sales_dataset/_doc [status:201 request:0.034s]
[2025-09-22T01:59:32.357+0000] {base.py:271} INFO - POST http://elasticsearch:9200/auto_sales_dataset/_doc [status:201 request:0.030s]
[2025-09-22T01:59:32.388+0000] {base.py:271} INFO - POST http://elasticsearch:9200/auto_sales_dataset/_doc [status:201 request:0.023s]
[2025-09-22T01:59:32.424+0000] {base.py:271} INFO - POST http://elasticsearch:9200/auto_sales_dataset/_doc [status:201 request:0.026s]
[2025-09-22T01:59:32.456+0000] {base.py:271} INFO - POST http://elasticsearch:9200/auto_sales_dataset/_doc [status:201 request:0.022s]
[2025-09-22T01:59:32.521+0000] {base.py:271} INFO - POST http://elasticsearch:9200/auto_sales_dataset/_doc [status:201 request:0.051s]
[2025-09-22T01:59:32.924+0000] {base.py:271} INFO - POST http://elasticsearch:9200/auto_sales_dataset/_doc [status:201 request:0.395s]
[2025-09-22T01:59:33.207+0000] {base.py:271} INFO - POST http://elasticsearch:9200/auto_sales_dataset/_doc [status:201 request:0.209s]
[2025-09-22T01:59:33.331+0000] {base.py:271} INFO - POST http://elasticsearch:9200/auto_sales_dataset/_doc [status:201 request:0.092s]
[2025-09-22T01:59:33.432+0000] {base.py:271} INFO - POST http://elasticsearch:9200/auto_sales_dataset/_doc [status:201 request:0.089s]
[2025-09-22T01:59:33.536+0000] {base.py:271} INFO - POST http://elasticsearch:9200/auto_sales_dataset/_doc [status:201 request:0.057s]
[2025-09-22T01:59:33.633+0000] {base.py:271} INFO - POST http://elasticsearch:9200/auto_sales_dataset/_doc [status:201 request:0.063s]
[2025-09-22T01:59:33.691+0000] {base.py:271} INFO - POST http://elasticsearch:9200/auto_sales_dataset/_doc [status:201 request:0.054s]
[2025-09-22T01:59:33.741+0000] {base.py:271} INFO - POST http://elasticsearch:9200/auto_sales_dataset/_doc [status:201 request:0.040s]
[2025-09-22T01:59:33.800+0000] {base.py:271} INFO - POST http://elasticsearch:9200/auto_sales_dataset/_doc [status:201 request:0.033s]
[2025-09-22T01:59:33.898+0000] {base.py:271} INFO - POST http://elasticsearch:9200/auto_sales_dataset/_doc [status:201 request:0.079s]
[2025-09-22T01:59:33.954+0000] {base.py:271} INFO - POST http://elasticsearch:9200/auto_sales_dataset/_doc [status:201 request:0.030s]
[2025-09-22T01:59:34.030+0000] {base.py:271} INFO - POST http://elasticsearch:9200/auto_sales_dataset/_doc [status:201 request:0.057s]
[2025-09-22T01:59:34.081+0000] {base.py:271} INFO - POST http://elasticsearch:9200/auto_sales_dataset/_doc [status:201 request:0.039s]
[2025-09-22T01:59:34.161+0000] {base.py:271} INFO - POST http://elasticsearch:9200/auto_sales_dataset/_doc [status:201 request:0.054s]
[2025-09-22T01:59:34.253+0000] {base.py:271} INFO - POST http://elasticsearch:9200/auto_sales_dataset/_doc [status:201 request:0.074s]
[2025-09-22T01:59:34.322+0000] {base.py:271} INFO - POST http://elasticsearch:9200/auto_sales_dataset/_doc [status:201 request:0.049s]
[2025-09-22T01:59:34.378+0000] {base.py:271} INFO - POST http://elasticsearch:9200/auto_sales_dataset/_doc [status:201 request:0.033s]
[2025-09-22T01:59:34.455+0000] {base.py:271} INFO - POST http://elasticsearch:9200/auto_sales_dataset/_doc [status:201 request:0.062s]
[2025-09-22T01:59:34.570+0000] {base.py:271} INFO - POST http://elasticsearch:9200/auto_sales_dataset/_doc [status:201 request:0.080s]
[2025-09-22T01:59:34.681+0000] {base.py:271} INFO - POST http://elasticsearch:9200/auto_sales_dataset/_doc [status:201 request:0.079s]
[2025-09-22T01:59:34.776+0000] {base.py:271} INFO - POST http://elasticsearch:9200/auto_sales_dataset/_doc [status:201 request:0.057s]
[2025-09-22T01:59:34.874+0000] {base.py:271} INFO - POST http://elasticsearch:9200/auto_sales_dataset/_doc [status:201 request:0.072s]
[2025-09-22T01:59:34.998+0000] {base.py:271} INFO - POST http://elasticsearch:9200/auto_sales_dataset/_doc [status:201 request:0.080s]
[2025-09-22T01:59:35.109+0000] {base.py:271} INFO - POST http://elasticsearch:9200/auto_sales_dataset/_doc [status:201 request:0.056s]
[2025-09-22T01:59:35.234+0000] {base.py:271} INFO - POST http://elasticsearch:9200/auto_sales_dataset/_doc [status:201 request:0.083s]
[2025-09-22T01:59:35.358+0000] {base.py:271} INFO - POST http://elasticsearch:9200/auto_sales_dataset/_doc [status:201 request:0.085s]
[2025-09-22T01:59:35.507+0000] {base.py:271} INFO - POST http://elasticsearch:9200/auto_sales_dataset/_doc [status:201 request:0.093s]
[2025-09-22T01:59:35.637+0000] {base.py:271} INFO - POST http://elasticsearch:9200/auto_sales_dataset/_doc [status:201 request:0.081s]
[2025-09-22T01:59:35.739+0000] {base.py:271} INFO - POST http://elasticsearch:9200/auto_sales_dataset/_doc [status:201 request:0.064s]
[2025-09-22T01:59:35.838+0000] {base.py:271} INFO - POST http://elasticsearch:9200/auto_sales_dataset/_doc [status:201 request:0.069s]
[2025-09-22T01:59:35.923+0000] {base.py:271} INFO - POST http://elasticsearch:9200/auto_sales_dataset/_doc [status:201 request:0.057s]
[2025-09-22T01:59:36.003+0000] {base.py:271} INFO - POST http://elasticsearch:9200/auto_sales_dataset/_doc [status:201 request:0.042s]
[2025-09-22T01:59:36.039+0000] {base.py:271} INFO - POST http://elasticsearch:9200/auto_sales_dataset/_doc [status:201 request:0.022s]
[2025-09-22T01:59:36.058+0000] {base.py:271} INFO - POST http://elasticsearch:9200/auto_sales_dataset/_doc [status:201 request:0.013s]
[2025-09-22T01:59:36.085+0000] {base.py:271} INFO - POST http://elasticsearch:9200/auto_sales_dataset/_doc [status:201 request:0.023s]
[2025-09-22T01:59:36.101+0000] {base.py:271} INFO - POST http://elasticsearch:9200/auto_sales_dataset/_doc [status:201 request:0.011s]
[2025-09-22T01:59:36.115+0000] {base.py:271} INFO - POST http://elasticsearch:9200/auto_sales_dataset/_doc [status:201 request:0.011s]
[2025-09-22T01:59:36.142+0000] {base.py:271} INFO - POST http://elasticsearch:9200/auto_sales_dataset/_doc [status:201 request:0.023s]
[2025-09-22T01:59:36.194+0000] {base.py:271} INFO - POST http://elasticsearch:9200/auto_sales_dataset/_doc [status:201 request:0.035s]
[2025-09-22T01:59:36.233+0000] {base.py:271} INFO - POST http://elasticsearch:9200/auto_sales_dataset/_doc [status:201 request:0.027s]
[2025-09-22T01:59:36.288+0000] {base.py:271} INFO - POST http://elasticsearch:9200/auto_sales_dataset/_doc [status:201 request:0.037s]
[2025-09-22T01:59:36.382+0000] {base.py:271} INFO - POST http://elasticsearch:9200/auto_sales_dataset/_doc [status:201 request:0.069s]
[2025-09-22T01:59:37.061+0000] {base.py:299} WARNING - POST http://elasticsearch:9200/auto_sales_dataset/_doc [status:N/A request:0.622s]
Traceback (most recent call last):
  File "/home/airflow/.local/lib/python3.7/site-packages/urllib3/connectionpool.py", line 710, in urlopen
    chunked=chunked,
  File "/home/airflow/.local/lib/python3.7/site-packages/urllib3/connectionpool.py", line 449, in _make_request
    six.raise_from(e, None)
  File "<string>", line 3, in raise_from
  File "/home/airflow/.local/lib/python3.7/site-packages/urllib3/connectionpool.py", line 444, in _make_request
    httplib_response = conn.getresponse()
  File "/usr/local/lib/python3.7/http/client.py", line 1373, in getresponse
    response.begin()
  File "/usr/local/lib/python3.7/http/client.py", line 319, in begin
    version, status, reason = self._read_status()
  File "/usr/local/lib/python3.7/http/client.py", line 280, in _read_status
    line = str(self.fp.readline(_MAXLINE + 1), "iso-8859-1")
  File "/usr/local/lib/python3.7/socket.py", line 589, in readinto
    return self._sock.recv_into(b)
ConnectionResetError: [Errno 104] Connection reset by peer

During handling of the above exception, another exception occurred:

Traceback (most recent call last):
  File "/home/airflow/.local/lib/python3.7/site-packages/elasticsearch/connection/http_urllib3.py", line 252, in perform_request
    method, url, body, retries=Retry(False), headers=request_headers, **kw
  File "/home/airflow/.local/lib/python3.7/site-packages/urllib3/connectionpool.py", line 788, in urlopen
    method, url, error=e, _pool=self, _stacktrace=sys.exc_info()[2]
  File "/home/airflow/.local/lib/python3.7/site-packages/urllib3/util/retry.py", line 525, in increment
    raise six.reraise(type(error), error, _stacktrace)
  File "/home/airflow/.local/lib/python3.7/site-packages/urllib3/packages/six.py", line 769, in reraise
    raise value.with_traceback(tb)
  File "/home/airflow/.local/lib/python3.7/site-packages/urllib3/connectionpool.py", line 710, in urlopen
    chunked=chunked,
  File "/home/airflow/.local/lib/python3.7/site-packages/urllib3/connectionpool.py", line 449, in _make_request
    six.raise_from(e, None)
  File "<string>", line 3, in raise_from
  File "/home/airflow/.local/lib/python3.7/site-packages/urllib3/connectionpool.py", line 444, in _make_request
    httplib_response = conn.getresponse()
  File "/usr/local/lib/python3.7/http/client.py", line 1373, in getresponse
    response.begin()
  File "/usr/local/lib/python3.7/http/client.py", line 319, in begin
    version, status, reason = self._read_status()
  File "/usr/local/lib/python3.7/http/client.py", line 280, in _read_status
    line = str(self.fp.readline(_MAXLINE + 1), "iso-8859-1")
  File "/usr/local/lib/python3.7/socket.py", line 589, in readinto
    return self._sock.recv_into(b)
urllib3.exceptions.ProtocolError: ('Connection aborted.', ConnectionResetError(104, 'Connection reset by peer'))
[2025-09-22T01:59:37.180+0000] {base.py:299} WARNING - POST http://elasticsearch:9200/auto_sales_dataset/_doc [status:N/A request:0.039s]
Traceback (most recent call last):
  File "/home/airflow/.local/lib/python3.7/site-packages/urllib3/connection.py", line 175, in _new_conn
    (self._dns_host, self.port), self.timeout, **extra_kw
  File "/home/airflow/.local/lib/python3.7/site-packages/urllib3/util/connection.py", line 95, in create_connection
    raise err
  File "/home/airflow/.local/lib/python3.7/site-packages/urllib3/util/connection.py", line 85, in create_connection
    sock.connect(sa)
ConnectionRefusedError: [Errno 111] Connection refused

During handling of the above exception, another exception occurred:

Traceback (most recent call last):
  File "/home/airflow/.local/lib/python3.7/site-packages/elasticsearch/connection/http_urllib3.py", line 252, in perform_request
    method, url, body, retries=Retry(False), headers=request_headers, **kw
  File "/home/airflow/.local/lib/python3.7/site-packages/urllib3/connectionpool.py", line 788, in urlopen
    method, url, error=e, _pool=self, _stacktrace=sys.exc_info()[2]
  File "/home/airflow/.local/lib/python3.7/site-packages/urllib3/util/retry.py", line 525, in increment
    raise six.reraise(type(error), error, _stacktrace)
  File "/home/airflow/.local/lib/python3.7/site-packages/urllib3/packages/six.py", line 770, in reraise
    raise value
  File "/home/airflow/.local/lib/python3.7/site-packages/urllib3/connectionpool.py", line 710, in urlopen
    chunked=chunked,
  File "/home/airflow/.local/lib/python3.7/site-packages/urllib3/connectionpool.py", line 398, in _make_request
    conn.request(method, url, **httplib_request_kw)
  File "/home/airflow/.local/lib/python3.7/site-packages/urllib3/connection.py", line 239, in request
    super(HTTPConnection, self).request(method, url, body=body, headers=headers)
  File "/usr/local/lib/python3.7/http/client.py", line 1281, in request
    self._send_request(method, url, body, headers, encode_chunked)
  File "/usr/local/lib/python3.7/http/client.py", line 1327, in _send_request
    self.endheaders(body, encode_chunked=encode_chunked)
  File "/usr/local/lib/python3.7/http/client.py", line 1276, in endheaders
    self._send_output(message_body, encode_chunked=encode_chunked)
  File "/usr/local/lib/python3.7/http/client.py", line 1036, in _send_output
    self.send(msg)
  File "/usr/local/lib/python3.7/http/client.py", line 976, in send
    self.connect()
  File "/home/airflow/.local/lib/python3.7/site-packages/urllib3/connection.py", line 205, in connect
    conn = self._new_conn()
  File "/home/airflow/.local/lib/python3.7/site-packages/urllib3/connection.py", line 187, in _new_conn
    self, "Failed to establish a new connection: %s" % e
urllib3.exceptions.NewConnectionError: <urllib3.connection.HTTPConnection object at 0xffff93d17650>: Failed to establish a new connection: [Errno 111] Connection refused
[2025-09-22T01:59:37.189+0000] {base.py:299} WARNING - POST http://elasticsearch:9200/auto_sales_dataset/_doc [status:N/A request:0.004s]
Traceback (most recent call last):
  File "/home/airflow/.local/lib/python3.7/site-packages/urllib3/connection.py", line 175, in _new_conn
    (self._dns_host, self.port), self.timeout, **extra_kw
  File "/home/airflow/.local/lib/python3.7/site-packages/urllib3/util/connection.py", line 95, in create_connection
    raise err
  File "/home/airflow/.local/lib/python3.7/site-packages/urllib3/util/connection.py", line 85, in create_connection
    sock.connect(sa)
ConnectionRefusedError: [Errno 111] Connection refused

During handling of the above exception, another exception occurred:

Traceback (most recent call last):
  File "/home/airflow/.local/lib/python3.7/site-packages/elasticsearch/connection/http_urllib3.py", line 252, in perform_request
    method, url, body, retries=Retry(False), headers=request_headers, **kw
  File "/home/airflow/.local/lib/python3.7/site-packages/urllib3/connectionpool.py", line 788, in urlopen
    method, url, error=e, _pool=self, _stacktrace=sys.exc_info()[2]
  File "/home/airflow/.local/lib/python3.7/site-packages/urllib3/util/retry.py", line 525, in increment
    raise six.reraise(type(error), error, _stacktrace)
  File "/home/airflow/.local/lib/python3.7/site-packages/urllib3/packages/six.py", line 770, in reraise
    raise value
  File "/home/airflow/.local/lib/python3.7/site-packages/urllib3/connectionpool.py", line 710, in urlopen
    chunked=chunked,
  File "/home/airflow/.local/lib/python3.7/site-packages/urllib3/connectionpool.py", line 398, in _make_request
    conn.request(method, url, **httplib_request_kw)
  File "/home/airflow/.local/lib/python3.7/site-packages/urllib3/connection.py", line 239, in request
    super(HTTPConnection, self).request(method, url, body=body, headers=headers)
  File "/usr/local/lib/python3.7/http/client.py", line 1281, in request
    self._send_request(method, url, body, headers, encode_chunked)
  File "/usr/local/lib/python3.7/http/client.py", line 1327, in _send_request
    self.endheaders(body, encode_chunked=encode_chunked)
  File "/usr/local/lib/python3.7/http/client.py", line 1276, in endheaders
    self._send_output(message_body, encode_chunked=encode_chunked)
  File "/usr/local/lib/python3.7/http/client.py", line 1036, in _send_output
    self.send(msg)
  File "/usr/local/lib/python3.7/http/client.py", line 976, in send
    self.connect()
  File "/home/airflow/.local/lib/python3.7/site-packages/urllib3/connection.py", line 205, in connect
    conn = self._new_conn()
  File "/home/airflow/.local/lib/python3.7/site-packages/urllib3/connection.py", line 187, in _new_conn
    self, "Failed to establish a new connection: %s" % e
urllib3.exceptions.NewConnectionError: <urllib3.connection.HTTPConnection object at 0xffff93de5f50>: Failed to establish a new connection: [Errno 111] Connection refused
[2025-09-22T01:59:37.198+0000] {base.py:299} WARNING - POST http://elasticsearch:9200/auto_sales_dataset/_doc [status:N/A request:0.007s]
Traceback (most recent call last):
  File "/home/airflow/.local/lib/python3.7/site-packages/urllib3/connection.py", line 175, in _new_conn
    (self._dns_host, self.port), self.timeout, **extra_kw
  File "/home/airflow/.local/lib/python3.7/site-packages/urllib3/util/connection.py", line 95, in create_connection
    raise err
  File "/home/airflow/.local/lib/python3.7/site-packages/urllib3/util/connection.py", line 85, in create_connection
    sock.connect(sa)
ConnectionRefusedError: [Errno 111] Connection refused

During handling of the above exception, another exception occurred:

Traceback (most recent call last):
  File "/home/airflow/.local/lib/python3.7/site-packages/elasticsearch/connection/http_urllib3.py", line 252, in perform_request
    method, url, body, retries=Retry(False), headers=request_headers, **kw
  File "/home/airflow/.local/lib/python3.7/site-packages/urllib3/connectionpool.py", line 788, in urlopen
    method, url, error=e, _pool=self, _stacktrace=sys.exc_info()[2]
  File "/home/airflow/.local/lib/python3.7/site-packages/urllib3/util/retry.py", line 525, in increment
    raise six.reraise(type(error), error, _stacktrace)
  File "/home/airflow/.local/lib/python3.7/site-packages/urllib3/packages/six.py", line 770, in reraise
    raise value
  File "/home/airflow/.local/lib/python3.7/site-packages/urllib3/connectionpool.py", line 710, in urlopen
    chunked=chunked,
  File "/home/airflow/.local/lib/python3.7/site-packages/urllib3/connectionpool.py", line 398, in _make_request
    conn.request(method, url, **httplib_request_kw)
  File "/home/airflow/.local/lib/python3.7/site-packages/urllib3/connection.py", line 239, in request
    super(HTTPConnection, self).request(method, url, body=body, headers=headers)
  File "/usr/local/lib/python3.7/http/client.py", line 1281, in request
    self._send_request(method, url, body, headers, encode_chunked)
  File "/usr/local/lib/python3.7/http/client.py", line 1327, in _send_request
    self.endheaders(body, encode_chunked=encode_chunked)
  File "/usr/local/lib/python3.7/http/client.py", line 1276, in endheaders
    self._send_output(message_body, encode_chunked=encode_chunked)
  File "/usr/local/lib/python3.7/http/client.py", line 1036, in _send_output
    self.send(msg)
  File "/usr/local/lib/python3.7/http/client.py", line 976, in send
    self.connect()
  File "/home/airflow/.local/lib/python3.7/site-packages/urllib3/connection.py", line 205, in connect
    conn = self._new_conn()
  File "/home/airflow/.local/lib/python3.7/site-packages/urllib3/connection.py", line 187, in _new_conn
    self, "Failed to establish a new connection: %s" % e
urllib3.exceptions.NewConnectionError: <urllib3.connection.HTTPConnection object at 0xffff93bc2790>: Failed to establish a new connection: [Errno 111] Connection refused
[2025-09-22T01:59:37.210+0000] {taskinstance.py:1902} ERROR - Task failed with exception
Traceback (most recent call last):
  File "/home/airflow/.local/lib/python3.7/site-packages/urllib3/connection.py", line 175, in _new_conn
    (self._dns_host, self.port), self.timeout, **extra_kw
  File "/home/airflow/.local/lib/python3.7/site-packages/urllib3/util/connection.py", line 95, in create_connection
    raise err
  File "/home/airflow/.local/lib/python3.7/site-packages/urllib3/util/connection.py", line 85, in create_connection
    sock.connect(sa)
ConnectionRefusedError: [Errno 111] Connection refused

During handling of the above exception, another exception occurred:

Traceback (most recent call last):
  File "/home/airflow/.local/lib/python3.7/site-packages/elasticsearch/connection/http_urllib3.py", line 252, in perform_request
    method, url, body, retries=Retry(False), headers=request_headers, **kw
  File "/home/airflow/.local/lib/python3.7/site-packages/urllib3/connectionpool.py", line 788, in urlopen
    method, url, error=e, _pool=self, _stacktrace=sys.exc_info()[2]
  File "/home/airflow/.local/lib/python3.7/site-packages/urllib3/util/retry.py", line 525, in increment
    raise six.reraise(type(error), error, _stacktrace)
  File "/home/airflow/.local/lib/python3.7/site-packages/urllib3/packages/six.py", line 770, in reraise
    raise value
  File "/home/airflow/.local/lib/python3.7/site-packages/urllib3/connectionpool.py", line 710, in urlopen
    chunked=chunked,
  File "/home/airflow/.local/lib/python3.7/site-packages/urllib3/connectionpool.py", line 398, in _make_request
    conn.request(method, url, **httplib_request_kw)
  File "/home/airflow/.local/lib/python3.7/site-packages/urllib3/connection.py", line 239, in request
    super(HTTPConnection, self).request(method, url, body=body, headers=headers)
  File "/usr/local/lib/python3.7/http/client.py", line 1281, in request
    self._send_request(method, url, body, headers, encode_chunked)
  File "/usr/local/lib/python3.7/http/client.py", line 1327, in _send_request
    self.endheaders(body, encode_chunked=encode_chunked)
  File "/usr/local/lib/python3.7/http/client.py", line 1276, in endheaders
    self._send_output(message_body, encode_chunked=encode_chunked)
  File "/usr/local/lib/python3.7/http/client.py", line 1036, in _send_output
    self.send(msg)
  File "/usr/local/lib/python3.7/http/client.py", line 976, in send
    self.connect()
  File "/home/airflow/.local/lib/python3.7/site-packages/urllib3/connection.py", line 205, in connect
    conn = self._new_conn()
  File "/home/airflow/.local/lib/python3.7/site-packages/urllib3/connection.py", line 187, in _new_conn
    self, "Failed to establish a new connection: %s" % e
urllib3.exceptions.NewConnectionError: <urllib3.connection.HTTPConnection object at 0xffff93bc2790>: Failed to establish a new connection: [Errno 111] Connection refused

During handling of the above exception, another exception occurred:

Traceback (most recent call last):
  File "/home/airflow/.local/lib/python3.7/site-packages/airflow/operators/python.py", line 171, in execute
    return_value = self.execute_callable()
  File "/home/airflow/.local/lib/python3.7/site-packages/airflow/operators/python.py", line 189, in execute_callable
    return self.python_callable(*self.op_args, **self.op_kwargs)
  File "/opt/airflow/dags/etl_pg_to_es.py", line 102, in saveToElastic
    body=doc
  File "/home/airflow/.local/lib/python3.7/site-packages/elasticsearch/client/utils.py", line 168, in _wrapped
    return func(*args, params=params, headers=headers, **kwargs)
  File "/home/airflow/.local/lib/python3.7/site-packages/elasticsearch/client/__init__.py", line 411, in index
    body=body,
  File "/home/airflow/.local/lib/python3.7/site-packages/elasticsearch/transport.py", line 413, in perform_request
    raise e
  File "/home/airflow/.local/lib/python3.7/site-packages/elasticsearch/transport.py", line 388, in perform_request
    timeout=timeout,
  File "/home/airflow/.local/lib/python3.7/site-packages/elasticsearch/connection/http_urllib3.py", line 266, in perform_request
    raise ConnectionError("N/A", str(e), e)
elasticsearch.exceptions.ConnectionError: ConnectionError(<urllib3.connection.HTTPConnection object at 0xffff93bc2790>: Failed to establish a new connection: [Errno 111] Connection refused) caused by: NewConnectionError(<urllib3.connection.HTTPConnection object at 0xffff93bc2790>: Failed to establish a new connection: [Errno 111] Connection refused)
[2025-09-22T01:59:37.525+0000] {taskinstance.py:1412} INFO - Marking task as FAILED. dag_id=sql_to_elastic, task_id=saveToElastic, execution_date=20250920T093000, start_date=20250922T015908, end_date=20250922T015937
[2025-09-22T01:59:37.654+0000] {standard_task_runner.py:97} ERROR - Failed to execute job 53 for task saveToElastic (ConnectionError(<urllib3.connection.HTTPConnection object at 0xffff93bc2790>: Failed to establish a new connection: [Errno 111] Connection refused) caused by: NewConnectionError(<urllib3.connection.HTTPConnection object at 0xffff93bc2790>: Failed to establish a new connection: [Errno 111] Connection refused); 199)
[2025-09-22T01:59:37.852+0000] {local_task_job.py:156} INFO - Task exited with return code 1
[2025-09-22T01:59:38.226+0000] {local_task_job.py:279} INFO - 0 downstream tasks scheduled from follow-on schedule check
